0 info it worked if it ends with ok
1 verbose cli [ '/root/.nvm/versions/node/v5.0.0/bin/node',
1 verbose cli   '/root/.nvm/versions/node/v5.0.0/bin/npm',
1 verbose cli   'install',
1 verbose cli   'oracledb' ]
2 info using npm@3.3.6
3 info using node@v5.0.0
4 silly loadCurrentTree Starting
5 silly install loadCurrentTree
6 silly install readLocalPackageData
7 silly fetchPackageMetaData oracledb
8 silly fetchNamedPackageData oracledb
9 silly mapToRegistry name oracledb
10 silly mapToRegistry using default registry
11 silly mapToRegistry registry https://registry.npmjs.org/
12 silly mapToRegistry uri https://registry.npmjs.org/oracledb
13 verbose request uri https://registry.npmjs.org/oracledb
14 verbose request no auth needed
15 info attempt registry request try #1 at 8:23:46 PM
16 verbose request id a4ac3239ff58095b
17 verbose etag "BAU7OMD1PH5JI403OUOZY6M2N"
18 http request GET https://registry.npmjs.org/oracledb
19 http 304 https://registry.npmjs.org/oracledb
20 verbose headers { date: 'Sat, 06 Feb 2016 18:23:47 GMT',
20 verbose headers   via: '1.1 varnish',
20 verbose headers   'cache-control': 'max-age=300',
20 verbose headers   etag: '"BAU7OMD1PH5JI403OUOZY6M2N"',
20 verbose headers   age: '0',
20 verbose headers   connection: 'keep-alive',
20 verbose headers   'x-served-by': 'cache-fra1232-FRA',
20 verbose headers   'x-cache': 'MISS',
20 verbose headers   'x-cache-hits': '0',
20 verbose headers   'x-timer': 'S1454783027.829271,VS0,VE426',
20 verbose headers   vary: 'Accept' }
21 silly get cb [ 304,
21 silly get   { date: 'Sat, 06 Feb 2016 18:23:47 GMT',
21 silly get     via: '1.1 varnish',
21 silly get     'cache-control': 'max-age=300',
21 silly get     etag: '"BAU7OMD1PH5JI403OUOZY6M2N"',
21 silly get     age: '0',
21 silly get     connection: 'keep-alive',
21 silly get     'x-served-by': 'cache-fra1232-FRA',
21 silly get     'x-cache': 'MISS',
21 silly get     'x-cache-hits': '0',
21 silly get     'x-timer': 'S1454783027.829271,VS0,VE426',
21 silly get     vary: 'Accept' } ]
22 verbose etag https://registry.npmjs.org/oracledb from cache
23 verbose get saving oracledb to /root/.npm/registry.npmjs.org/oracledb/.cache.json
24 silly install normalizeTree
25 silly loadCurrentTree Finishing
26 silly loadIdealTree Starting
27 silly install loadIdealTree
28 silly cloneCurrentTree Starting
29 silly install cloneCurrentTreeToIdealTree
30 silly cloneCurrentTree Finishing
31 silly loadShrinkwrap Starting
32 silly install loadShrinkwrap
33 silly loadShrinkwrap Finishing
34 silly loadAllDepsIntoIdealTree Starting
35 silly install loadAllDepsIntoIdealTree
36 silly resolveWithNewModule oracledb@1.6.0 checking installable status
37 silly cache add args [ 'oracledb', null ]
38 verbose cache add spec oracledb
39 silly cache add parsed spec Result {
39 silly cache add   raw: 'oracledb',
39 silly cache add   scope: null,
39 silly cache add   name: 'oracledb',
39 silly cache add   rawSpec: '',
39 silly cache add   spec: '*',
39 silly cache add   type: 'range' }
40 silly addNamed oracledb@*
41 verbose addNamed "*" is a valid semver range for oracledb
42 silly addNameRange { name: 'oracledb', range: '*', hasData: false }
43 silly mapToRegistry name oracledb
44 silly mapToRegistry using default registry
45 silly mapToRegistry registry https://registry.npmjs.org/
46 silly mapToRegistry uri https://registry.npmjs.org/oracledb
47 verbose addNameRange registry:https://registry.npmjs.org/oracledb not in flight; fetching
48 verbose get https://registry.npmjs.org/oracledb not expired, no request
49 silly addNameRange number 2 { name: 'oracledb', range: '*', hasData: true }
50 silly addNameRange versions [ 'oracledb',
50 silly addNameRange   [ '0.2.4',
50 silly addNameRange     '0.3.1',
50 silly addNameRange     '0.4.1',
50 silly addNameRange     '0.4.2',
50 silly addNameRange     '0.5.0',
50 silly addNameRange     '0.6.0',
50 silly addNameRange     '0.7.0',
50 silly addNameRange     '1.0.0',
50 silly addNameRange     '1.1.0',
50 silly addNameRange     '1.2.0',
50 silly addNameRange     '1.3.0',
50 silly addNameRange     '1.4.0',
50 silly addNameRange     '1.5.0',
50 silly addNameRange     '1.6.0' ] ]
51 silly addNamed oracledb@1.6.0
52 verbose addNamed "1.6.0" is a plain semver version for oracledb
53 silly cache afterAdd oracledb@1.6.0
54 verbose afterAdd /root/.npm/oracledb/1.6.0/package/package.json not in flight; writing
55 verbose afterAdd /root/.npm/oracledb/1.6.0/package/package.json written
56 silly fetchNamedPackageData nan
57 silly mapToRegistry name nan
58 silly mapToRegistry using default registry
59 silly mapToRegistry registry https://registry.npmjs.org/
60 silly mapToRegistry uri https://registry.npmjs.org/nan
61 verbose request uri https://registry.npmjs.org/nan
62 verbose request no auth needed
63 info attempt registry request try #1 at 8:23:49 PM
64 verbose etag "7Y2U1A5TWU1O0YTKGMD4FB8ZN"
65 http request GET https://registry.npmjs.org/nan
66 http 304 https://registry.npmjs.org/nan
67 verbose headers { date: 'Sat, 06 Feb 2016 18:23:49 GMT',
67 verbose headers   via: '1.1 varnish',
67 verbose headers   'cache-control': 'max-age=300',
67 verbose headers   etag: '"7Y2U1A5TWU1O0YTKGMD4FB8ZN"',
67 verbose headers   age: '173',
67 verbose headers   connection: 'keep-alive',
67 verbose headers   'x-served-by': 'cache-fra1240-FRA',
67 verbose headers   'x-cache': 'HIT',
67 verbose headers   'x-cache-hits': '3',
67 verbose headers   'x-timer': 'S1454783029.495031,VS0,VE0',
67 verbose headers   vary: 'Accept' }
68 silly get cb [ 304,
68 silly get   { date: 'Sat, 06 Feb 2016 18:23:49 GMT',
68 silly get     via: '1.1 varnish',
68 silly get     'cache-control': 'max-age=300',
68 silly get     etag: '"7Y2U1A5TWU1O0YTKGMD4FB8ZN"',
68 silly get     age: '173',
68 silly get     connection: 'keep-alive',
68 silly get     'x-served-by': 'cache-fra1240-FRA',
68 silly get     'x-cache': 'HIT',
68 silly get     'x-cache-hits': '3',
68 silly get     'x-timer': 'S1454783029.495031,VS0,VE0',
68 silly get     vary: 'Accept' } ]
69 verbose etag https://registry.npmjs.org/nan from cache
70 verbose get saving nan to /root/.npm/registry.npmjs.org/nan/.cache.json
71 silly resolveWithNewModule nan@2.1.0 checking installable status
72 silly cache add args [ 'nan@~2.1.0', null ]
73 verbose cache add spec nan@~2.1.0
74 silly cache add parsed spec Result {
74 silly cache add   raw: 'nan@~2.1.0',
74 silly cache add   scope: null,
74 silly cache add   name: 'nan',
74 silly cache add   rawSpec: '~2.1.0',
74 silly cache add   spec: '>=2.1.0 <2.2.0',
74 silly cache add   type: 'range' }
75 silly addNamed nan@>=2.1.0 <2.2.0
76 verbose addNamed ">=2.1.0 <2.2.0" is a valid semver range for nan
77 silly addNameRange { name: 'nan', range: '>=2.1.0 <2.2.0', hasData: false }
78 silly mapToRegistry name nan
79 silly mapToRegistry using default registry
80 silly mapToRegistry registry https://registry.npmjs.org/
81 silly mapToRegistry uri https://registry.npmjs.org/nan
82 verbose addNameRange registry:https://registry.npmjs.org/nan not in flight; fetching
83 verbose get https://registry.npmjs.org/nan not expired, no request
84 silly addNameRange number 2 { name: 'nan', range: '>=2.1.0 <2.2.0', hasData: true }
85 silly addNameRange versions [ 'nan',
85 silly addNameRange   [ '0.3.0-wip',
85 silly addNameRange     '0.3.0-wip2',
85 silly addNameRange     '0.3.0',
85 silly addNameRange     '0.3.1',
85 silly addNameRange     '0.3.2',
85 silly addNameRange     '0.4.0',
85 silly addNameRange     '0.4.1',
85 silly addNameRange     '0.4.2',
85 silly addNameRange     '0.4.3',
85 silly addNameRange     '0.4.4',
85 silly addNameRange     '0.5.0',
85 silly addNameRange     '0.5.1',
85 silly addNameRange     '0.5.2',
85 silly addNameRange     '0.6.0',
85 silly addNameRange     '0.7.0',
85 silly addNameRange     '0.7.1',
85 silly addNameRange     '0.8.0',
85 silly addNameRange     '1.0.0',
85 silly addNameRange     '1.1.0',
85 silly addNameRange     '1.1.1',
85 silly addNameRange     '1.1.2',
85 silly addNameRange     '1.2.0',
85 silly addNameRange     '1.3.0',
85 silly addNameRange     '1.4.0',
85 silly addNameRange     '1.4.1',
85 silly addNameRange     '1.5.0',
85 silly addNameRange     '1.4.2',
85 silly addNameRange     '1.4.3',
85 silly addNameRange     '1.5.1',
85 silly addNameRange     '1.5.2',
85 silly addNameRange     '1.6.0',
85 silly addNameRange     '1.5.3',
85 silly addNameRange     '1.6.1',
85 silly addNameRange     '1.6.2',
85 silly addNameRange     '1.7.0',
85 silly addNameRange     '1.8.0',
85 silly addNameRange     '1.8.1',
85 silly addNameRange     '1.8.2',
85 silly addNameRange     '1.8.3',
85 silly addNameRange     '1.8.4',
85 silly addNameRange     '1.9.0',
85 silly addNameRange     '2.0.0',
85 silly addNameRange     '2.0.1',
85 silly addNameRange     '2.0.2',
85 silly addNameRange     '2.0.3',
85 silly addNameRange     '2.0.4',
85 silly addNameRange     '2.0.5',
85 silly addNameRange     '2.0.6',
85 silly addNameRange     '2.0.7',
85 silly addNameRange     '2.0.8',
85 silly addNameRange     '2.0.9',
85 silly addNameRange     '2.1.0',
85 silly addNameRange     '2.2.0' ] ]
86 silly addNamed nan@2.1.0
87 verbose addNamed "2.1.0" is a plain semver version for nan
88 silly cache afterAdd nan@2.1.0
89 verbose afterAdd /root/.npm/nan/2.1.0/package/package.json not in flight; writing
90 verbose afterAdd /root/.npm/nan/2.1.0/package/package.json written
91 silly loadAllDepsIntoIdealTree Finishing
92 silly idealTree:prePrune medportal.ua@0.0.1
92 silly idealTree:prePrune ├── addressparser@0.3.2
92 silly idealTree:prePrune ├── base64-url@1.2.1
92 silly idealTree:prePrune ├── bignumber.js@2.0.7
92 silly idealTree:prePrune ├── bluebird@3.0.6
92 silly idealTree:prePrune ├─┬ bower@1.6.8
92 silly idealTree:prePrune │ ├── abbrev@1.0.7
92 silly idealTree:prePrune │ ├── archy@1.0.0
92 silly idealTree:prePrune │ ├─┬ bower-config@1.2.3
92 silly idealTree:prePrune │ │ ├── graceful-fs@4.1.2
92 silly idealTree:prePrune │ │ ├─┬ optimist@0.6.1
92 silly idealTree:prePrune │ │ │ ├── minimist@0.0.10
92 silly idealTree:prePrune │ │ │ └── wordwrap@0.0.3
92 silly idealTree:prePrune │ │ └─┬ osenv@0.1.3
92 silly idealTree:prePrune │ │   ├── os-homedir@1.0.1
92 silly idealTree:prePrune │ │   └── os-tmpdir@1.0.1
92 silly idealTree:prePrune │ ├── bower-endpoint-parser@0.2.2
92 silly idealTree:prePrune │ ├─┬ bower-json@0.4.0
92 silly idealTree:prePrune │ │ ├── deep-extend@0.2.11
92 silly idealTree:prePrune │ │ ├── graceful-fs@2.0.3
92 silly idealTree:prePrune │ │ └── intersect@0.0.3
92 silly idealTree:prePrune │ ├── bower-logger@0.2.2
92 silly idealTree:prePrune │ ├─┬ bower-registry-client@1.0.0
92 silly idealTree:prePrune │ │ ├── async@0.2.10
92 silly idealTree:prePrune │ │ ├── graceful-fs@4.1.2
92 silly idealTree:prePrune │ │ ├── mkdirp@0.3.5
92 silly idealTree:prePrune │ │ └── request-replay@0.2.0
92 silly idealTree:prePrune │ ├─┬ cardinal@0.4.4
92 silly idealTree:prePrune │ │ ├── ansicolors@0.2.1
92 silly idealTree:prePrune │ │ └─┬ redeyed@0.4.4
92 silly idealTree:prePrune │ │   └── esprima@1.0.4
92 silly idealTree:prePrune │ ├─┬ chalk@1.1.1
92 silly idealTree:prePrune │ │ ├── ansi-styles@2.1.0
92 silly idealTree:prePrune │ │ ├── escape-string-regexp@1.0.3
92 silly idealTree:prePrune │ │ ├─┬ has-ansi@2.0.0
92 silly idealTree:prePrune │ │ │ └── ansi-regex@2.0.0
92 silly idealTree:prePrune │ │ ├─┬ strip-ansi@3.0.0
92 silly idealTree:prePrune │ │ │ └── ansi-regex@2.0.0
92 silly idealTree:prePrune │ │ └── supports-color@2.0.0
92 silly idealTree:prePrune │ ├── chmodr@1.0.2
92 silly idealTree:prePrune │ ├─┬ configstore@0.3.2
92 silly idealTree:prePrune │ │ ├─┬ js-yaml@3.4.6
92 silly idealTree:prePrune │ │ │ ├─┬ argparse@1.0.3
92 silly idealTree:prePrune │ │ │ │ ├── lodash@3.10.1
92 silly idealTree:prePrune │ │ │ │ └── sprintf-js@1.0.3
92 silly idealTree:prePrune │ │ │ ├── esprima@2.7.0
92 silly idealTree:prePrune │ │ │ └── inherit@2.2.2
92 silly idealTree:prePrune │ │ ├── object-assign@2.1.1
92 silly idealTree:prePrune │ │ ├─┬ osenv@0.1.3
92 silly idealTree:prePrune │ │ │ ├── os-homedir@1.0.1
92 silly idealTree:prePrune │ │ │ └── os-tmpdir@1.0.1
92 silly idealTree:prePrune │ │ ├── uuid@2.0.1
92 silly idealTree:prePrune │ │ └── xdg-basedir@1.0.1
92 silly idealTree:prePrune │ ├─┬ decompress-zip@0.1.0
92 silly idealTree:prePrune │ │ ├─┬ binary@0.3.0
92 silly idealTree:prePrune │ │ │ ├── buffers@0.1.1
92 silly idealTree:prePrune │ │ │ └─┬ chainsaw@0.1.0
92 silly idealTree:prePrune │ │ │   └── traverse@0.3.9
92 silly idealTree:prePrune │ │ ├── mkpath@0.1.0
92 silly idealTree:prePrune │ │ ├─┬ readable-stream@1.1.13
92 silly idealTree:prePrune │ │ │ ├── core-util-is@1.0.2
92 silly idealTree:prePrune │ │ │ ├── inherits@2.0.1
92 silly idealTree:prePrune │ │ │ ├── isarray@0.0.1
92 silly idealTree:prePrune │ │ │ └── string_decoder@0.10.31
92 silly idealTree:prePrune │ │ └─┬ touch@0.0.3
92 silly idealTree:prePrune │ │   └── nopt@1.0.10
92 silly idealTree:prePrune │ ├── destroy@1.0.3
92 silly idealTree:prePrune │ ├─┬ fstream-ignore@1.0.3
92 silly idealTree:prePrune │ │ ├── inherits@2.0.1
92 silly idealTree:prePrune │ │ └─┬ minimatch@3.0.0
92 silly idealTree:prePrune │ │   └─┬ brace-expansion@1.1.1
92 silly idealTree:prePrune │ │     ├── balanced-match@0.2.1
92 silly idealTree:prePrune │ │     └── concat-map@0.0.1
92 silly idealTree:prePrune │ ├─┬ fstream@1.0.8
92 silly idealTree:prePrune │ │ ├── graceful-fs@4.1.2
92 silly idealTree:prePrune │ │ └── inherits@2.0.1
92 silly idealTree:prePrune │ ├─┬ github@0.2.4
92 silly idealTree:prePrune │ │ └── mime@1.3.4
92 silly idealTree:prePrune │ ├─┬ glob@4.5.3
92 silly idealTree:prePrune │ │ ├─┬ inflight@1.0.4
92 silly idealTree:prePrune │ │ │ └── wrappy@1.0.1
92 silly idealTree:prePrune │ │ ├── inherits@2.0.1
92 silly idealTree:prePrune │ │ ├─┬ minimatch@2.0.10
92 silly idealTree:prePrune │ │ │ └─┬ brace-expansion@1.1.1
92 silly idealTree:prePrune │ │ │   ├── balanced-match@0.2.1
92 silly idealTree:prePrune │ │ │   └── concat-map@0.0.1
92 silly idealTree:prePrune │ │ └─┬ once@1.3.3
92 silly idealTree:prePrune │ │   └── wrappy@1.0.1
92 silly idealTree:prePrune │ ├── graceful-fs@3.0.8
92 silly idealTree:prePrune │ ├─┬ handlebars@2.0.0
92 silly idealTree:prePrune │ │ ├─┬ optimist@0.3.7
92 silly idealTree:prePrune │ │ │ └── wordwrap@0.0.3
92 silly idealTree:prePrune │ │ └─┬ uglify-js@2.3.6
92 silly idealTree:prePrune │ │   ├── async@0.2.10
92 silly idealTree:prePrune │ │   └─┬ source-map@0.1.43
92 silly idealTree:prePrune │ │     └── amdefine@1.0.0
92 silly idealTree:prePrune │ ├─┬ inquirer@0.10.0
92 silly idealTree:prePrune │ │ ├── ansi-escapes@1.1.0
92 silly idealTree:prePrune │ │ ├── ansi-regex@2.0.0
92 silly idealTree:prePrune │ │ ├─┬ cli-cursor@1.0.2
92 silly idealTree:prePrune │ │ │ └─┬ restore-cursor@1.0.1
92 silly idealTree:prePrune │ │ │   ├── exit-hook@1.1.1
92 silly idealTree:prePrune │ │ │   └── onetime@1.0.0
92 silly idealTree:prePrune │ │ ├── cli-width@1.1.0
92 silly idealTree:prePrune │ │ ├── figures@1.4.0
92 silly idealTree:prePrune │ │ ├── lodash@3.10.1
92 silly idealTree:prePrune │ │ ├─┬ readline2@1.0.1
92 silly idealTree:prePrune │ │ │ ├─┬ code-point-at@1.0.0
92 silly idealTree:prePrune │ │ │ │ └── number-is-nan@1.0.0
92 silly idealTree:prePrune │ │ │ ├─┬ is-fullwidth-code-point@1.0.0
92 silly idealTree:prePrune │ │ │ │ └── number-is-nan@1.0.0
92 silly idealTree:prePrune │ │ │ └── mute-stream@0.0.5
92 silly idealTree:prePrune │ │ ├─┬ run-async@0.1.0
92 silly idealTree:prePrune │ │ │ └─┬ once@1.3.3
92 silly idealTree:prePrune │ │ │   └── wrappy@1.0.1
92 silly idealTree:prePrune │ │ ├── rx-lite@3.1.2
92 silly idealTree:prePrune │ │ ├── strip-ansi@3.0.0
92 silly idealTree:prePrune │ │ └── through@2.3.8
92 silly idealTree:prePrune │ ├─┬ insight@0.7.0
92 silly idealTree:prePrune │ │ ├── async@1.5.0
92 silly idealTree:prePrune │ │ ├─┬ configstore@1.3.0
92 silly idealTree:prePrune │ │ │ ├── graceful-fs@4.1.2
92 silly idealTree:prePrune │ │ │ ├── os-tmpdir@1.0.1
92 silly idealTree:prePrune │ │ │ ├─┬ osenv@0.1.3
92 silly idealTree:prePrune │ │ │ │ └── os-homedir@1.0.1
92 silly idealTree:prePrune │ │ │ ├── uuid@2.0.1
92 silly idealTree:prePrune │ │ │ ├─┬ write-file-atomic@1.1.3
92 silly idealTree:prePrune │ │ │ │ └── slide@1.1.6
92 silly idealTree:prePrune │ │ │ └─┬ xdg-basedir@2.0.0
92 silly idealTree:prePrune │ │ │   └── os-homedir@1.0.1
92 silly idealTree:prePrune │ │ ├─┬ lodash.debounce@3.1.1
92 silly idealTree:prePrune │ │ │ └── lodash._getnative@3.9.1
92 silly idealTree:prePrune │ │ ├── object-assign@4.0.1
92 silly idealTree:prePrune │ │ ├─┬ os-name@1.0.3
92 silly idealTree:prePrune │ │ │ ├─┬ osx-release@1.1.0
92 silly idealTree:prePrune │ │ │ │ └── minimist@1.2.0
92 silly idealTree:prePrune │ │ │ └─┬ win-release@1.1.1
92 silly idealTree:prePrune │ │ │   └── semver@5.1.0
92 silly idealTree:prePrune │ │ └── tough-cookie@2.2.1
92 silly idealTree:prePrune │ ├── is-root@1.0.0
92 silly idealTree:prePrune │ ├── junk@1.0.2
92 silly idealTree:prePrune │ ├── lockfile@1.0.1
92 silly idealTree:prePrune │ ├── lru-cache@2.7.3
92 silly idealTree:prePrune │ ├─┬ md5-hex@1.1.0
92 silly idealTree:prePrune │ │ └── md5-o-matic@0.1.1
92 silly idealTree:prePrune │ ├─┬ mkdirp@0.5.0
92 silly idealTree:prePrune │ │ └── minimist@0.0.8
92 silly idealTree:prePrune │ ├── mout@0.11.1
92 silly idealTree:prePrune │ ├── nopt@3.0.6
92 silly idealTree:prePrune │ ├── opn@1.0.2
92 silly idealTree:prePrune │ ├─┬ p-throttler@0.1.1
92 silly idealTree:prePrune │ │ └── q@0.9.7
92 silly idealTree:prePrune │ ├─┬ promptly@0.2.0
92 silly idealTree:prePrune │ │ └─┬ read@1.0.7
92 silly idealTree:prePrune │ │   └── mute-stream@0.0.5
92 silly idealTree:prePrune │ ├── q@1.4.1
92 silly idealTree:prePrune │ ├─┬ request-progress@0.3.1
92 silly idealTree:prePrune │ │ └── throttleit@0.0.2
92 silly idealTree:prePrune │ ├─┬ request@2.53.0
92 silly idealTree:prePrune │ │ ├── aws-sign2@0.5.0
92 silly idealTree:prePrune │ │ ├─┬ bl@0.9.4
92 silly idealTree:prePrune │ │ │ └─┬ readable-stream@1.0.33
92 silly idealTree:prePrune │ │ │   ├── core-util-is@1.0.2
92 silly idealTree:prePrune │ │ │   ├── inherits@2.0.1
92 silly idealTree:prePrune │ │ │   ├── isarray@0.0.1
92 silly idealTree:prePrune │ │ │   └── string_decoder@0.10.31
92 silly idealTree:prePrune │ │ ├── caseless@0.9.0
92 silly idealTree:prePrune │ │ ├─┬ combined-stream@0.0.7
92 silly idealTree:prePrune │ │ │ └── delayed-stream@0.0.5
92 silly idealTree:prePrune │ │ ├── forever-agent@0.5.2
92 silly idealTree:prePrune │ │ ├─┬ form-data@0.2.0
92 silly idealTree:prePrune │ │ │ └── async@0.9.2
92 silly idealTree:prePrune │ │ ├─┬ hawk@2.3.1
92 silly idealTree:prePrune │ │ │ ├── boom@2.10.1
92 silly idealTree:prePrune │ │ │ ├── cryptiles@2.0.5
92 silly idealTree:prePrune │ │ │ ├── hoek@2.16.3
92 silly idealTree:prePrune │ │ │ └── sntp@1.0.9
92 silly idealTree:prePrune │ │ ├─┬ http-signature@0.10.1
92 silly idealTree:prePrune │ │ │ ├── asn1@0.1.11
92 silly idealTree:prePrune │ │ │ ├── assert-plus@0.1.5
92 silly idealTree:prePrune │ │ │ └── ctype@0.5.3
92 silly idealTree:prePrune │ │ ├── isstream@0.1.2
92 silly idealTree:prePrune │ │ ├── json-stringify-safe@5.0.1
92 silly idealTree:prePrune │ │ ├─┬ mime-types@2.0.14
92 silly idealTree:prePrune │ │ │ └── mime-db@1.12.0
92 silly idealTree:prePrune │ │ ├── node-uuid@1.4.7
92 silly idealTree:prePrune │ │ ├── oauth-sign@0.6.0
92 silly idealTree:prePrune │ │ ├── qs@2.3.3
92 silly idealTree:prePrune │ │ ├── stringstream@0.0.5
92 silly idealTree:prePrune │ │ ├── tough-cookie@2.2.1
92 silly idealTree:prePrune │ │ └── tunnel-agent@0.4.1
92 silly idealTree:prePrune │ ├── retry@0.6.1
92 silly idealTree:prePrune │ ├─┬ rimraf@2.4.4
92 silly idealTree:prePrune │ │ └─┬ glob@5.0.15
92 silly idealTree:prePrune │ │   ├─┬ inflight@1.0.4
92 silly idealTree:prePrune │ │   │ └── wrappy@1.0.1
92 silly idealTree:prePrune │ │   ├── inherits@2.0.1
92 silly idealTree:prePrune │ │   ├─┬ minimatch@3.0.0
92 silly idealTree:prePrune │ │   │ └─┬ brace-expansion@1.1.1
92 silly idealTree:prePrune │ │   │   ├── balanced-match@0.2.1
92 silly idealTree:prePrune │ │   │   └── concat-map@0.0.1
92 silly idealTree:prePrune │ │   ├─┬ once@1.3.3
92 silly idealTree:prePrune │ │   │ └── wrappy@1.0.1
92 silly idealTree:prePrune │ │   └── path-is-absolute@1.0.0
92 silly idealTree:prePrune │ ├── semver@2.3.2
92 silly idealTree:prePrune │ ├─┬ shell-quote@1.4.3
92 silly idealTree:prePrune │ │ ├── array-filter@0.0.1
92 silly idealTree:prePrune │ │ ├── array-map@0.0.0
92 silly idealTree:prePrune │ │ ├── array-reduce@0.0.0
92 silly idealTree:prePrune │ │ └── jsonify@0.0.0
92 silly idealTree:prePrune │ ├── stringify-object@1.0.1
92 silly idealTree:prePrune │ ├─┬ tar-fs@1.8.1
92 silly idealTree:prePrune │ │ ├─┬ pump@1.0.1
92 silly idealTree:prePrune │ │ │ ├── end-of-stream@1.1.0
92 silly idealTree:prePrune │ │ │ └─┬ once@1.3.3
92 silly idealTree:prePrune │ │ │   └── wrappy@1.0.1
92 silly idealTree:prePrune │ │ └─┬ tar-stream@1.3.1
92 silly idealTree:prePrune │ │   ├── bl@1.0.0
92 silly idealTree:prePrune │ │   ├─┬ end-of-stream@1.1.0
92 silly idealTree:prePrune │ │   │ └─┬ once@1.3.3
92 silly idealTree:prePrune │ │   │   └── wrappy@1.0.1
92 silly idealTree:prePrune │ │   ├─┬ readable-stream@2.0.4
92 silly idealTree:prePrune │ │   │ ├── core-util-is@1.0.2
92 silly idealTree:prePrune │ │   │ ├── inherits@2.0.1
92 silly idealTree:prePrune │ │   │ ├── isarray@0.0.1
92 silly idealTree:prePrune │ │   │ ├── process-nextick-args@1.0.3
92 silly idealTree:prePrune │ │   │ ├── string_decoder@0.10.31
92 silly idealTree:prePrune │ │   │ └── util-deprecate@1.0.2
92 silly idealTree:prePrune │ │   └── xtend@4.0.1
92 silly idealTree:prePrune │ ├── tmp@0.0.24
92 silly idealTree:prePrune │ ├─┬ update-notifier@0.3.2
92 silly idealTree:prePrune │ │ ├── is-npm@1.0.0
92 silly idealTree:prePrune │ │ ├─┬ latest-version@1.0.1
92 silly idealTree:prePrune │ │ │ └─┬ package-json@1.2.0
92 silly idealTree:prePrune │ │ │   ├─┬ got@3.3.1
92 silly idealTree:prePrune │ │ │   │ ├─┬ duplexify@3.4.2
92 silly idealTree:prePrune │ │ │   │ │ ├─┬ end-of-stream@1.0.0
92 silly idealTree:prePrune │ │ │   │ │ │ └─┬ once@1.3.3
92 silly idealTree:prePrune │ │ │   │ │ │   └── wrappy@1.0.1
92 silly idealTree:prePrune │ │ │   │ │ └─┬ readable-stream@2.0.4
92 silly idealTree:prePrune │ │ │   │ │   ├── core-util-is@1.0.2
92 silly idealTree:prePrune │ │ │   │ │   ├── inherits@2.0.1
92 silly idealTree:prePrune │ │ │   │ │   ├── isarray@0.0.1
92 silly idealTree:prePrune │ │ │   │ │   ├── process-nextick-args@1.0.3
92 silly idealTree:prePrune │ │ │   │ │   ├── string_decoder@0.10.31
92 silly idealTree:prePrune │ │ │   │ │   └── util-deprecate@1.0.2
92 silly idealTree:prePrune │ │ │   │ ├── infinity-agent@2.0.3
92 silly idealTree:prePrune │ │ │   │ ├── is-redirect@1.0.0
92 silly idealTree:prePrune │ │ │   │ ├── is-stream@1.0.1
92 silly idealTree:prePrune │ │ │   │ ├── lowercase-keys@1.0.0
92 silly idealTree:prePrune │ │ │   │ ├─┬ nested-error-stacks@1.0.2
92 silly idealTree:prePrune │ │ │   │ │ └── inherits@2.0.1
92 silly idealTree:prePrune │ │ │   │ ├── object-assign@3.0.0
92 silly idealTree:prePrune │ │ │   │ ├── prepend-http@1.0.3
92 silly idealTree:prePrune │ │ │   │ ├─┬ read-all-stream@3.0.1
92 silly idealTree:prePrune │ │ │   │ │ ├─┬ pinkie-promise@1.0.0
92 silly idealTree:prePrune │ │ │   │ │ │ └── pinkie@1.0.0
92 silly idealTree:prePrune │ │ │   │ │ └─┬ readable-stream@2.0.4
92 silly idealTree:prePrune │ │ │   │ │   ├── core-util-is@1.0.2
92 silly idealTree:prePrune │ │ │   │ │   ├── inherits@2.0.1
92 silly idealTree:prePrune │ │ │   │ │   ├── isarray@0.0.1
92 silly idealTree:prePrune │ │ │   │ │   ├── process-nextick-args@1.0.3
92 silly idealTree:prePrune │ │ │   │ │   ├── string_decoder@0.10.31
92 silly idealTree:prePrune │ │ │   │ │   └── util-deprecate@1.0.2
92 silly idealTree:prePrune │ │ │   │ └── timed-out@2.0.0
92 silly idealTree:prePrune │ │ │   └─┬ registry-url@3.0.3
92 silly idealTree:prePrune │ │ │     └─┬ rc@1.1.5
92 silly idealTree:prePrune │ │ │       ├── deep-extend@0.4.0
92 silly idealTree:prePrune │ │ │       ├── ini@1.3.4
92 silly idealTree:prePrune │ │ │       ├── minimist@1.2.0
92 silly idealTree:prePrune │ │ │       └── strip-json-comments@1.0.4
92 silly idealTree:prePrune │ │ ├─┬ semver-diff@2.1.0
92 silly idealTree:prePrune │ │ │ └── semver@5.1.0
92 silly idealTree:prePrune │ │ └─┬ string-length@1.0.1
92 silly idealTree:prePrune │ │   └─┬ strip-ansi@3.0.0
92 silly idealTree:prePrune │ │     └── ansi-regex@2.0.0
92 silly idealTree:prePrune │ ├── user-home@1.1.1
92 silly idealTree:prePrune │ └─┬ which@1.2.0
92 silly idealTree:prePrune │   └─┬ is-absolute@0.1.7
92 silly idealTree:prePrune │     └── is-relative@0.1.3
92 silly idealTree:prePrune ├─┬ buildmail@2.0.0
92 silly idealTree:prePrune │ └── needle@0.10.0
92 silly idealTree:prePrune ├── bytes@1.0.0
92 silly idealTree:prePrune ├── clone@1.0.2
92 silly idealTree:prePrune ├── co-body@4.0.0
92 silly idealTree:prePrune ├── co@4.6.0
92 silly idealTree:prePrune ├── compressible@2.0.6
92 silly idealTree:prePrune ├── config@1.17.1
92 silly idealTree:prePrune ├─┬ cookie-parser@1.4.0
92 silly idealTree:prePrune │ ├── cookie-signature@1.0.6
92 silly idealTree:prePrune │ └── cookie@0.2.2
92 silly idealTree:prePrune ├── copy-to@2.0.1
92 silly idealTree:prePrune ├── core-util-is@1.0.2
92 silly idealTree:prePrune ├── crc@3.3.0
92 silly idealTree:prePrune ├── crypto-js@3.1.5
92 silly idealTree:prePrune ├── datetimepicker@0.1.25
92 silly idealTree:prePrune ├── debug@2.2.0
92 silly idealTree:prePrune ├── encoding@0.1.12
92 silly idealTree:prePrune ├── fs-write-stream-atomic@1.0.4-fix
92 silly idealTree:prePrune ├── graceful-fs@4.1.2
92 silly idealTree:prePrune ├── http-errors@1.3.1
92 silly idealTree:prePrune ├── iconv-lite@0.4.13
92 silly idealTree:prePrune ├── inherits@2.0.1
92 silly idealTree:prePrune ├── isarray@0.0.1
92 silly idealTree:prePrune ├── isemail@1.2.0
92 silly idealTree:prePrune ├─┬ koa-bodyparser@2.0.0
92 silly idealTree:prePrune │ ├── co-body@2.0.0
92 silly idealTree:prePrune │ ├── iconv-lite@0.4.8
92 silly idealTree:prePrune │ ├── qs@2.4.2
92 silly idealTree:prePrune │ └── raw-body@1.3.4
92 silly idealTree:prePrune ├── koa-compose@3.0.0
92 silly idealTree:prePrune ├── koa-compress@1.0.8
92 silly idealTree:prePrune ├── koa-convert@1.2.0
92 silly idealTree:prePrune ├─┬ koa-ejs@3.0.0
92 silly idealTree:prePrune │ ├─┬ co-fs@1.2.0
92 silly idealTree:prePrune │ │ ├─┬ co-from-stream@0.0.0
92 silly idealTree:prePrune │ │ │ └── co-read@0.0.1
92 silly idealTree:prePrune │ │ └── thunkify@0.0.1
92 silly idealTree:prePrune │ ├── copy-to@2.0.1
92 silly idealTree:prePrune │ └── ejs@2.3.4
92 silly idealTree:prePrune ├── koa-favicon@1.2.0
92 silly idealTree:prePrune ├─┬ koa-generic-session-rethinkdb@1.1.1
92 silly idealTree:prePrune │ ├── debug@2.1.3
92 silly idealTree:prePrune │ └── ms@0.7.0
92 silly idealTree:prePrune ├── koa-generic-session@1.10.0
92 silly idealTree:prePrune ├── koa-is-json@1.0.0
92 silly idealTree:prePrune ├─┬ koa-memcached@0.1.2
92 silly idealTree:prePrune │ ├── debug@1.0.4
92 silly idealTree:prePrune │ └── ms@0.6.2
92 silly idealTree:prePrune ├── koa-passport@1.2.0
92 silly idealTree:prePrune ├── koa-router@5.3.0
92 silly idealTree:prePrune ├─┬ koa-send@2.0.2
92 silly idealTree:prePrune │ └── mz@2.1.0
92 silly idealTree:prePrune ├── koa-static@1.5.2
92 silly idealTree:prePrune ├─┬ koa@1.1.2
92 silly idealTree:prePrune │ ├─┬ accepts@1.3.0
92 silly idealTree:prePrune │ │ └── negotiator@0.6.0
92 silly idealTree:prePrune │ ├── co@4.6.0
92 silly idealTree:prePrune │ ├─┬ composition@2.2.1
92 silly idealTree:prePrune │ │ └── native-or-bluebird@1.2.0
92 silly idealTree:prePrune │ ├── content-disposition@0.5.0
92 silly idealTree:prePrune │ ├── content-type@1.0.1
92 silly idealTree:prePrune │ ├─┬ cookies@0.5.1
92 silly idealTree:prePrune │ │ └── keygrip@1.0.1
92 silly idealTree:prePrune │ ├─┬ debug@2.2.0
92 silly idealTree:prePrune │ │ └── ms@0.7.1
92 silly idealTree:prePrune │ ├── delegates@0.1.0
92 silly idealTree:prePrune │ ├── destroy@1.0.3
92 silly idealTree:prePrune │ ├── error-inject@1.0.0
92 silly idealTree:prePrune │ ├── escape-html@1.0.3
92 silly idealTree:prePrune │ ├── fresh@0.3.0
92 silly idealTree:prePrune │ ├─┬ http-assert@1.1.1
92 silly idealTree:prePrune │ │ └── deep-equal@1.0.1
92 silly idealTree:prePrune │ ├─┬ http-errors@1.3.1
92 silly idealTree:prePrune │ │ └── inherits@2.0.1
92 silly idealTree:prePrune │ ├── koa-compose@2.3.0
92 silly idealTree:prePrune │ ├── koa-is-json@1.0.0
92 silly idealTree:prePrune │ ├─┬ mime-types@2.1.7
92 silly idealTree:prePrune │ │ └── mime-db@1.19.0
92 silly idealTree:prePrune │ ├─┬ on-finished@2.3.0
92 silly idealTree:prePrune │ │ └── ee-first@1.1.1
92 silly idealTree:prePrune │ ├── only@0.0.2
92 silly idealTree:prePrune │ ├── parseurl@1.3.0
92 silly idealTree:prePrune │ ├── statuses@1.2.1
92 silly idealTree:prePrune │ ├─┬ type-is@1.6.9
92 silly idealTree:prePrune │ │ └── media-typer@0.3.0
92 silly idealTree:prePrune │ └── vary@1.1.0
92 silly idealTree:prePrune ├── libbase64@0.1.0
92 silly idealTree:prePrune ├── libmime@1.2.0
92 silly idealTree:prePrune ├── libqp@1.1.0
92 silly idealTree:prePrune ├── lodash@3.6.0
92 silly idealTree:prePrune ├── mailcomposer@2.1.0
92 silly idealTree:prePrune ├── media-typer@0.3.0
92 silly idealTree:prePrune ├── merge@1.2.0
92 silly idealTree:prePrune ├── methods@1.1.1
92 silly idealTree:prePrune ├── mime-db@1.20.0
92 silly idealTree:prePrune ├── mime-types@2.1.8
92 silly idealTree:prePrune ├── ms@0.7.1
92 silly idealTree:prePrune ├─┬ mysql-query-promise@1.0.0
92 silly idealTree:prePrune │ └── q@1.4.1
92 silly idealTree:prePrune ├─┬ mysql-query@0.1.1
92 silly idealTree:prePrune │ └── config@0.4.37
92 silly idealTree:prePrune ├── mysql@2.9.0
92 silly idealTree:prePrune ├── mz@1.3.0
92 silly idealTree:prePrune ├── nan@2.1.0
92 silly idealTree:prePrune ├── native-or-bluebird@1.2.0
92 silly idealTree:prePrune ├── needle@0.11.0
92 silly idealTree:prePrune ├── node_memcached@1.0.2
92 silly idealTree:prePrune ├── node-fetch@1.3.3
92 silly idealTree:prePrune ├── nodemailer-direct-transport@1.1.0
92 silly idealTree:prePrune ├── nodemailer-smtp-transport@1.0.4
92 silly idealTree:prePrune ├── nodemailer-wellknown@0.1.7
92 silly idealTree:prePrune ├── nodemailer@1.10.0
92 silly idealTree:prePrune ├── object-assign@4.0.1
92 silly idealTree:prePrune ├── oracledb@1.6.0
92 silly idealTree:prePrune ├── parseurl@1.3.0
92 silly idealTree:prePrune ├─┬ passport-local@1.0.0
92 silly idealTree:prePrune │ └── passport-strategy@1.0.0
92 silly idealTree:prePrune ├── passport-strategy@1.0.0
92 silly idealTree:prePrune ├── passport@0.3.2
92 silly idealTree:prePrune ├── path-is-absolute@1.0.0
92 silly idealTree:prePrune ├── path-to-regexp@1.2.1
92 silly idealTree:prePrune ├── pause@0.0.1
92 silly idealTree:prePrune ├── qs@4.0.0
92 silly idealTree:prePrune ├─┬ raw-body@2.1.5
92 silly idealTree:prePrune │ └── bytes@2.2.0
92 silly idealTree:prePrune ├── readable-stream@1.1.13
92 silly idealTree:prePrune ├── requirejs@2.1.14
92 silly idealTree:prePrune ├── resolve-path@1.3.0
92 silly idealTree:prePrune ├── rethinkdbdash@2.2.5
92 silly idealTree:prePrune ├── smtp-connection@1.3.6
92 silly idealTree:prePrune ├── statuses@1.2.1
92 silly idealTree:prePrune ├── string_decoder@0.10.31
92 silly idealTree:prePrune ├── thenify-all@1.6.0
92 silly idealTree:prePrune ├── thenify@3.1.1
92 silly idealTree:prePrune ├── thunkify@2.1.2
92 silly idealTree:prePrune ├── type-is@1.6.10
92 silly idealTree:prePrune ├── uid-safe@2.0.0
92 silly idealTree:prePrune └── unpipe@1.0.0
93 silly loadIdealTree Finishing
94 silly currentTree medportal.ua@0.0.1
94 silly currentTree ├── addressparser@0.3.2
94 silly currentTree ├── base64-url@1.2.1
94 silly currentTree ├── bignumber.js@2.0.7
94 silly currentTree ├── bluebird@3.0.6
94 silly currentTree ├─┬ bower@1.6.8
94 silly currentTree │ ├── abbrev@1.0.7
94 silly currentTree │ ├── archy@1.0.0
94 silly currentTree │ ├─┬ bower-config@1.2.3
94 silly currentTree │ │ ├── graceful-fs@4.1.2
94 silly currentTree │ │ ├─┬ optimist@0.6.1
94 silly currentTree │ │ │ ├── minimist@0.0.10
94 silly currentTree │ │ │ └── wordwrap@0.0.3
94 silly currentTree │ │ └─┬ osenv@0.1.3
94 silly currentTree │ │   ├── os-homedir@1.0.1
94 silly currentTree │ │   └── os-tmpdir@1.0.1
94 silly currentTree │ ├── bower-endpoint-parser@0.2.2
94 silly currentTree │ ├─┬ bower-json@0.4.0
94 silly currentTree │ │ ├── deep-extend@0.2.11
94 silly currentTree │ │ ├── graceful-fs@2.0.3
94 silly currentTree │ │ └── intersect@0.0.3
94 silly currentTree │ ├── bower-logger@0.2.2
94 silly currentTree │ ├─┬ bower-registry-client@1.0.0
94 silly currentTree │ │ ├── async@0.2.10
94 silly currentTree │ │ ├── graceful-fs@4.1.2
94 silly currentTree │ │ ├── mkdirp@0.3.5
94 silly currentTree │ │ └── request-replay@0.2.0
94 silly currentTree │ ├─┬ cardinal@0.4.4
94 silly currentTree │ │ ├── ansicolors@0.2.1
94 silly currentTree │ │ └─┬ redeyed@0.4.4
94 silly currentTree │ │   └── esprima@1.0.4
94 silly currentTree │ ├─┬ chalk@1.1.1
94 silly currentTree │ │ ├── ansi-styles@2.1.0
94 silly currentTree │ │ ├── escape-string-regexp@1.0.3
94 silly currentTree │ │ ├─┬ has-ansi@2.0.0
94 silly currentTree │ │ │ └── ansi-regex@2.0.0
94 silly currentTree │ │ ├─┬ strip-ansi@3.0.0
94 silly currentTree │ │ │ └── ansi-regex@2.0.0
94 silly currentTree │ │ └── supports-color@2.0.0
94 silly currentTree │ ├── chmodr@1.0.2
94 silly currentTree │ ├─┬ configstore@0.3.2
94 silly currentTree │ │ ├─┬ js-yaml@3.4.6
94 silly currentTree │ │ │ ├─┬ argparse@1.0.3
94 silly currentTree │ │ │ │ ├── lodash@3.10.1
94 silly currentTree │ │ │ │ └── sprintf-js@1.0.3
94 silly currentTree │ │ │ ├── esprima@2.7.0
94 silly currentTree │ │ │ └── inherit@2.2.2
94 silly currentTree │ │ ├── object-assign@2.1.1
94 silly currentTree │ │ ├─┬ osenv@0.1.3
94 silly currentTree │ │ │ ├── os-homedir@1.0.1
94 silly currentTree │ │ │ └── os-tmpdir@1.0.1
94 silly currentTree │ │ ├── uuid@2.0.1
94 silly currentTree │ │ └── xdg-basedir@1.0.1
94 silly currentTree │ ├─┬ decompress-zip@0.1.0
94 silly currentTree │ │ ├─┬ binary@0.3.0
94 silly currentTree │ │ │ ├── buffers@0.1.1
94 silly currentTree │ │ │ └─┬ chainsaw@0.1.0
94 silly currentTree │ │ │   └── traverse@0.3.9
94 silly currentTree │ │ ├── mkpath@0.1.0
94 silly currentTree │ │ ├─┬ readable-stream@1.1.13
94 silly currentTree │ │ │ ├── core-util-is@1.0.2
94 silly currentTree │ │ │ ├── inherits@2.0.1
94 silly currentTree │ │ │ ├── isarray@0.0.1
94 silly currentTree │ │ │ └── string_decoder@0.10.31
94 silly currentTree │ │ └─┬ touch@0.0.3
94 silly currentTree │ │   └── nopt@1.0.10
94 silly currentTree │ ├── destroy@1.0.3
94 silly currentTree │ ├─┬ fstream-ignore@1.0.3
94 silly currentTree │ │ ├── inherits@2.0.1
94 silly currentTree │ │ └─┬ minimatch@3.0.0
94 silly currentTree │ │   └─┬ brace-expansion@1.1.1
94 silly currentTree │ │     ├── balanced-match@0.2.1
94 silly currentTree │ │     └── concat-map@0.0.1
94 silly currentTree │ ├─┬ fstream@1.0.8
94 silly currentTree │ │ ├── graceful-fs@4.1.2
94 silly currentTree │ │ └── inherits@2.0.1
94 silly currentTree │ ├─┬ github@0.2.4
94 silly currentTree │ │ └── mime@1.3.4
94 silly currentTree │ ├─┬ glob@4.5.3
94 silly currentTree │ │ ├─┬ inflight@1.0.4
94 silly currentTree │ │ │ └── wrappy@1.0.1
94 silly currentTree │ │ ├── inherits@2.0.1
94 silly currentTree │ │ ├─┬ minimatch@2.0.10
94 silly currentTree │ │ │ └─┬ brace-expansion@1.1.1
94 silly currentTree │ │ │   ├── balanced-match@0.2.1
94 silly currentTree │ │ │   └── concat-map@0.0.1
94 silly currentTree │ │ └─┬ once@1.3.3
94 silly currentTree │ │   └── wrappy@1.0.1
94 silly currentTree │ ├── graceful-fs@3.0.8
94 silly currentTree │ ├─┬ handlebars@2.0.0
94 silly currentTree │ │ ├─┬ optimist@0.3.7
94 silly currentTree │ │ │ └── wordwrap@0.0.3
94 silly currentTree │ │ └─┬ uglify-js@2.3.6
94 silly currentTree │ │   ├── async@0.2.10
94 silly currentTree │ │   └─┬ source-map@0.1.43
94 silly currentTree │ │     └── amdefine@1.0.0
94 silly currentTree │ ├─┬ inquirer@0.10.0
94 silly currentTree │ │ ├── ansi-escapes@1.1.0
94 silly currentTree │ │ ├── ansi-regex@2.0.0
94 silly currentTree │ │ ├─┬ cli-cursor@1.0.2
94 silly currentTree │ │ │ └─┬ restore-cursor@1.0.1
94 silly currentTree │ │ │   ├── exit-hook@1.1.1
94 silly currentTree │ │ │   └── onetime@1.0.0
94 silly currentTree │ │ ├── cli-width@1.1.0
94 silly currentTree │ │ ├── figures@1.4.0
94 silly currentTree │ │ ├── lodash@3.10.1
94 silly currentTree │ │ ├─┬ readline2@1.0.1
94 silly currentTree │ │ │ ├─┬ code-point-at@1.0.0
94 silly currentTree │ │ │ │ └── number-is-nan@1.0.0
94 silly currentTree │ │ │ ├─┬ is-fullwidth-code-point@1.0.0
94 silly currentTree │ │ │ │ └── number-is-nan@1.0.0
94 silly currentTree │ │ │ └── mute-stream@0.0.5
94 silly currentTree │ │ ├─┬ run-async@0.1.0
94 silly currentTree │ │ │ └─┬ once@1.3.3
94 silly currentTree │ │ │   └── wrappy@1.0.1
94 silly currentTree │ │ ├── rx-lite@3.1.2
94 silly currentTree │ │ ├── strip-ansi@3.0.0
94 silly currentTree │ │ └── through@2.3.8
94 silly currentTree │ ├─┬ insight@0.7.0
94 silly currentTree │ │ ├── async@1.5.0
94 silly currentTree │ │ ├─┬ configstore@1.3.0
94 silly currentTree │ │ │ ├── graceful-fs@4.1.2
94 silly currentTree │ │ │ ├── os-tmpdir@1.0.1
94 silly currentTree │ │ │ ├─┬ osenv@0.1.3
94 silly currentTree │ │ │ │ └── os-homedir@1.0.1
94 silly currentTree │ │ │ ├── uuid@2.0.1
94 silly currentTree │ │ │ ├─┬ write-file-atomic@1.1.3
94 silly currentTree │ │ │ │ └── slide@1.1.6
94 silly currentTree │ │ │ └─┬ xdg-basedir@2.0.0
94 silly currentTree │ │ │   └── os-homedir@1.0.1
94 silly currentTree │ │ ├─┬ lodash.debounce@3.1.1
94 silly currentTree │ │ │ └── lodash._getnative@3.9.1
94 silly currentTree │ │ ├── object-assign@4.0.1
94 silly currentTree │ │ ├─┬ os-name@1.0.3
94 silly currentTree │ │ │ ├─┬ osx-release@1.1.0
94 silly currentTree │ │ │ │ └── minimist@1.2.0
94 silly currentTree │ │ │ └─┬ win-release@1.1.1
94 silly currentTree │ │ │   └── semver@5.1.0
94 silly currentTree │ │ └── tough-cookie@2.2.1
94 silly currentTree │ ├── is-root@1.0.0
94 silly currentTree │ ├── junk@1.0.2
94 silly currentTree │ ├── lockfile@1.0.1
94 silly currentTree │ ├── lru-cache@2.7.3
94 silly currentTree │ ├─┬ md5-hex@1.1.0
94 silly currentTree │ │ └── md5-o-matic@0.1.1
94 silly currentTree │ ├─┬ mkdirp@0.5.0
94 silly currentTree │ │ └── minimist@0.0.8
94 silly currentTree │ ├── mout@0.11.1
94 silly currentTree │ ├── nopt@3.0.6
94 silly currentTree │ ├── opn@1.0.2
94 silly currentTree │ ├─┬ p-throttler@0.1.1
94 silly currentTree │ │ └── q@0.9.7
94 silly currentTree │ ├─┬ promptly@0.2.0
94 silly currentTree │ │ └─┬ read@1.0.7
94 silly currentTree │ │   └── mute-stream@0.0.5
94 silly currentTree │ ├── q@1.4.1
94 silly currentTree │ ├─┬ request-progress@0.3.1
94 silly currentTree │ │ └── throttleit@0.0.2
94 silly currentTree │ ├─┬ request@2.53.0
94 silly currentTree │ │ ├── aws-sign2@0.5.0
94 silly currentTree │ │ ├─┬ bl@0.9.4
94 silly currentTree │ │ │ └─┬ readable-stream@1.0.33
94 silly currentTree │ │ │   ├── core-util-is@1.0.2
94 silly currentTree │ │ │   ├── inherits@2.0.1
94 silly currentTree │ │ │   ├── isarray@0.0.1
94 silly currentTree │ │ │   └── string_decoder@0.10.31
94 silly currentTree │ │ ├── caseless@0.9.0
94 silly currentTree │ │ ├─┬ combined-stream@0.0.7
94 silly currentTree │ │ │ └── delayed-stream@0.0.5
94 silly currentTree │ │ ├── forever-agent@0.5.2
94 silly currentTree │ │ ├─┬ form-data@0.2.0
94 silly currentTree │ │ │ └── async@0.9.2
94 silly currentTree │ │ ├─┬ hawk@2.3.1
94 silly currentTree │ │ │ ├── boom@2.10.1
94 silly currentTree │ │ │ ├── cryptiles@2.0.5
94 silly currentTree │ │ │ ├── hoek@2.16.3
94 silly currentTree │ │ │ └── sntp@1.0.9
94 silly currentTree │ │ ├─┬ http-signature@0.10.1
94 silly currentTree │ │ │ ├── asn1@0.1.11
94 silly currentTree │ │ │ ├── assert-plus@0.1.5
94 silly currentTree │ │ │ └── ctype@0.5.3
94 silly currentTree │ │ ├── isstream@0.1.2
94 silly currentTree │ │ ├── json-stringify-safe@5.0.1
94 silly currentTree │ │ ├─┬ mime-types@2.0.14
94 silly currentTree │ │ │ └── mime-db@1.12.0
94 silly currentTree │ │ ├── node-uuid@1.4.7
94 silly currentTree │ │ ├── oauth-sign@0.6.0
94 silly currentTree │ │ ├── qs@2.3.3
94 silly currentTree │ │ ├── stringstream@0.0.5
94 silly currentTree │ │ ├── tough-cookie@2.2.1
94 silly currentTree │ │ └── tunnel-agent@0.4.1
94 silly currentTree │ ├── retry@0.6.1
94 silly currentTree │ ├─┬ rimraf@2.4.4
94 silly currentTree │ │ └─┬ glob@5.0.15
94 silly currentTree │ │   ├─┬ inflight@1.0.4
94 silly currentTree │ │   │ └── wrappy@1.0.1
94 silly currentTree │ │   ├── inherits@2.0.1
94 silly currentTree │ │   ├─┬ minimatch@3.0.0
94 silly currentTree │ │   │ └─┬ brace-expansion@1.1.1
94 silly currentTree │ │   │   ├── balanced-match@0.2.1
94 silly currentTree │ │   │   └── concat-map@0.0.1
94 silly currentTree │ │   ├─┬ once@1.3.3
94 silly currentTree │ │   │ └── wrappy@1.0.1
94 silly currentTree │ │   └── path-is-absolute@1.0.0
94 silly currentTree │ ├── semver@2.3.2
94 silly currentTree │ ├─┬ shell-quote@1.4.3
94 silly currentTree │ │ ├── array-filter@0.0.1
94 silly currentTree │ │ ├── array-map@0.0.0
94 silly currentTree │ │ ├── array-reduce@0.0.0
94 silly currentTree │ │ └── jsonify@0.0.0
94 silly currentTree │ ├── stringify-object@1.0.1
94 silly currentTree │ ├─┬ tar-fs@1.8.1
94 silly currentTree │ │ ├─┬ pump@1.0.1
94 silly currentTree │ │ │ ├── end-of-stream@1.1.0
94 silly currentTree │ │ │ └─┬ once@1.3.3
94 silly currentTree │ │ │   └── wrappy@1.0.1
94 silly currentTree │ │ └─┬ tar-stream@1.3.1
94 silly currentTree │ │   ├── bl@1.0.0
94 silly currentTree │ │   ├─┬ end-of-stream@1.1.0
94 silly currentTree │ │   │ └─┬ once@1.3.3
94 silly currentTree │ │   │   └── wrappy@1.0.1
94 silly currentTree │ │   ├─┬ readable-stream@2.0.4
94 silly currentTree │ │   │ ├── core-util-is@1.0.2
94 silly currentTree │ │   │ ├── inherits@2.0.1
94 silly currentTree │ │   │ ├── isarray@0.0.1
94 silly currentTree │ │   │ ├── process-nextick-args@1.0.3
94 silly currentTree │ │   │ ├── string_decoder@0.10.31
94 silly currentTree │ │   │ └── util-deprecate@1.0.2
94 silly currentTree │ │   └── xtend@4.0.1
94 silly currentTree │ ├── tmp@0.0.24
94 silly currentTree │ ├─┬ update-notifier@0.3.2
94 silly currentTree │ │ ├── is-npm@1.0.0
94 silly currentTree │ │ ├─┬ latest-version@1.0.1
94 silly currentTree │ │ │ └─┬ package-json@1.2.0
94 silly currentTree │ │ │   ├─┬ got@3.3.1
94 silly currentTree │ │ │   │ ├─┬ duplexify@3.4.2
94 silly currentTree │ │ │   │ │ ├─┬ end-of-stream@1.0.0
94 silly currentTree │ │ │   │ │ │ └─┬ once@1.3.3
94 silly currentTree │ │ │   │ │ │   └── wrappy@1.0.1
94 silly currentTree │ │ │   │ │ └─┬ readable-stream@2.0.4
94 silly currentTree │ │ │   │ │   ├── core-util-is@1.0.2
94 silly currentTree │ │ │   │ │   ├── inherits@2.0.1
94 silly currentTree │ │ │   │ │   ├── isarray@0.0.1
94 silly currentTree │ │ │   │ │   ├── process-nextick-args@1.0.3
94 silly currentTree │ │ │   │ │   ├── string_decoder@0.10.31
94 silly currentTree │ │ │   │ │   └── util-deprecate@1.0.2
94 silly currentTree │ │ │   │ ├── infinity-agent@2.0.3
94 silly currentTree │ │ │   │ ├── is-redirect@1.0.0
94 silly currentTree │ │ │   │ ├── is-stream@1.0.1
94 silly currentTree │ │ │   │ ├── lowercase-keys@1.0.0
94 silly currentTree │ │ │   │ ├─┬ nested-error-stacks@1.0.2
94 silly currentTree │ │ │   │ │ └── inherits@2.0.1
94 silly currentTree │ │ │   │ ├── object-assign@3.0.0
94 silly currentTree │ │ │   │ ├── prepend-http@1.0.3
94 silly currentTree │ │ │   │ ├─┬ read-all-stream@3.0.1
94 silly currentTree │ │ │   │ │ ├─┬ pinkie-promise@1.0.0
94 silly currentTree │ │ │   │ │ │ └── pinkie@1.0.0
94 silly currentTree │ │ │   │ │ └─┬ readable-stream@2.0.4
94 silly currentTree │ │ │   │ │   ├── core-util-is@1.0.2
94 silly currentTree │ │ │   │ │   ├── inherits@2.0.1
94 silly currentTree │ │ │   │ │   ├── isarray@0.0.1
94 silly currentTree │ │ │   │ │   ├── process-nextick-args@1.0.3
94 silly currentTree │ │ │   │ │   ├── string_decoder@0.10.31
94 silly currentTree │ │ │   │ │   └── util-deprecate@1.0.2
94 silly currentTree │ │ │   │ └── timed-out@2.0.0
94 silly currentTree │ │ │   └─┬ registry-url@3.0.3
94 silly currentTree │ │ │     └─┬ rc@1.1.5
94 silly currentTree │ │ │       ├── deep-extend@0.4.0
94 silly currentTree │ │ │       ├── ini@1.3.4
94 silly currentTree │ │ │       ├── minimist@1.2.0
94 silly currentTree │ │ │       └── strip-json-comments@1.0.4
94 silly currentTree │ │ ├─┬ semver-diff@2.1.0
94 silly currentTree │ │ │ └── semver@5.1.0
94 silly currentTree │ │ └─┬ string-length@1.0.1
94 silly currentTree │ │   └─┬ strip-ansi@3.0.0
94 silly currentTree │ │     └── ansi-regex@2.0.0
94 silly currentTree │ ├── user-home@1.1.1
94 silly currentTree │ └─┬ which@1.2.0
94 silly currentTree │   └─┬ is-absolute@0.1.7
94 silly currentTree │     └── is-relative@0.1.3
94 silly currentTree ├─┬ buildmail@2.0.0
94 silly currentTree │ └── needle@0.10.0
94 silly currentTree ├── bytes@1.0.0
94 silly currentTree ├── clone@1.0.2
94 silly currentTree ├── co-body@4.0.0
94 silly currentTree ├── co@4.6.0
94 silly currentTree ├── compressible@2.0.6
94 silly currentTree ├── config@1.17.1
94 silly currentTree ├─┬ cookie-parser@1.4.0
94 silly currentTree │ ├── cookie-signature@1.0.6
94 silly currentTree │ └── cookie@0.2.2
94 silly currentTree ├── copy-to@2.0.1
94 silly currentTree ├── core-util-is@1.0.2
94 silly currentTree ├── crc@3.3.0
94 silly currentTree ├── crypto-js@3.1.5
94 silly currentTree ├── datetimepicker@0.1.25
94 silly currentTree ├── debug@2.2.0
94 silly currentTree ├── encoding@0.1.12
94 silly currentTree ├── fs-write-stream-atomic@1.0.4-fix
94 silly currentTree ├── graceful-fs@4.1.2
94 silly currentTree ├── http-errors@1.3.1
94 silly currentTree ├── iconv-lite@0.4.13
94 silly currentTree ├── inherits@2.0.1
94 silly currentTree ├── isarray@0.0.1
94 silly currentTree ├── isemail@1.2.0
94 silly currentTree ├─┬ koa-bodyparser@2.0.0
94 silly currentTree │ ├── co-body@2.0.0
94 silly currentTree │ ├── iconv-lite@0.4.8
94 silly currentTree │ ├── qs@2.4.2
94 silly currentTree │ └── raw-body@1.3.4
94 silly currentTree ├── koa-compose@3.0.0
94 silly currentTree ├── koa-compress@1.0.8
94 silly currentTree ├── koa-convert@1.2.0
94 silly currentTree ├─┬ koa-ejs@3.0.0
94 silly currentTree │ ├─┬ co-fs@1.2.0
94 silly currentTree │ │ ├─┬ co-from-stream@0.0.0
94 silly currentTree │ │ │ └── co-read@0.0.1
94 silly currentTree │ │ └── thunkify@0.0.1
94 silly currentTree │ ├── copy-to@2.0.1
94 silly currentTree │ └── ejs@2.3.4
94 silly currentTree ├── koa-favicon@1.2.0
94 silly currentTree ├─┬ koa-generic-session-rethinkdb@1.1.1
94 silly currentTree │ ├── debug@2.1.3
94 silly currentTree │ └── ms@0.7.0
94 silly currentTree ├── koa-generic-session@1.10.0
94 silly currentTree ├── koa-is-json@1.0.0
94 silly currentTree ├─┬ koa-memcached@0.1.2
94 silly currentTree │ ├── debug@1.0.4
94 silly currentTree │ └── ms@0.6.2
94 silly currentTree ├── koa-passport@1.2.0
94 silly currentTree ├── koa-router@5.3.0
94 silly currentTree ├─┬ koa-send@2.0.2
94 silly currentTree │ └── mz@2.1.0
94 silly currentTree ├── koa-static@1.5.2
94 silly currentTree ├─┬ koa@1.1.2
94 silly currentTree │ ├─┬ accepts@1.3.0
94 silly currentTree │ │ └── negotiator@0.6.0
94 silly currentTree │ ├── co@4.6.0
94 silly currentTree │ ├─┬ composition@2.2.1
94 silly currentTree │ │ └── native-or-bluebird@1.2.0
94 silly currentTree │ ├── content-disposition@0.5.0
94 silly currentTree │ ├── content-type@1.0.1
94 silly currentTree │ ├─┬ cookies@0.5.1
94 silly currentTree │ │ └── keygrip@1.0.1
94 silly currentTree │ ├─┬ debug@2.2.0
94 silly currentTree │ │ └── ms@0.7.1
94 silly currentTree │ ├── delegates@0.1.0
94 silly currentTree │ ├── destroy@1.0.3
94 silly currentTree │ ├── error-inject@1.0.0
94 silly currentTree │ ├── escape-html@1.0.3
94 silly currentTree │ ├── fresh@0.3.0
94 silly currentTree │ ├─┬ http-assert@1.1.1
94 silly currentTree │ │ └── deep-equal@1.0.1
94 silly currentTree │ ├─┬ http-errors@1.3.1
94 silly currentTree │ │ └── inherits@2.0.1
94 silly currentTree │ ├── koa-compose@2.3.0
94 silly currentTree │ ├── koa-is-json@1.0.0
94 silly currentTree │ ├─┬ mime-types@2.1.7
94 silly currentTree │ │ └── mime-db@1.19.0
94 silly currentTree │ ├─┬ on-finished@2.3.0
94 silly currentTree │ │ └── ee-first@1.1.1
94 silly currentTree │ ├── only@0.0.2
94 silly currentTree │ ├── parseurl@1.3.0
94 silly currentTree │ ├── statuses@1.2.1
94 silly currentTree │ ├─┬ type-is@1.6.9
94 silly currentTree │ │ └── media-typer@0.3.0
94 silly currentTree │ └── vary@1.1.0
94 silly currentTree ├── libbase64@0.1.0
94 silly currentTree ├── libmime@1.2.0
94 silly currentTree ├── libqp@1.1.0
94 silly currentTree ├── lodash@3.6.0
94 silly currentTree ├── mailcomposer@2.1.0
94 silly currentTree ├── media-typer@0.3.0
94 silly currentTree ├── merge@1.2.0
94 silly currentTree ├── methods@1.1.1
94 silly currentTree ├── mime-db@1.20.0
94 silly currentTree ├── mime-types@2.1.8
94 silly currentTree ├── ms@0.7.1
94 silly currentTree ├─┬ mysql-query-promise@1.0.0
94 silly currentTree │ └── q@1.4.1
94 silly currentTree ├─┬ mysql-query@0.1.1
94 silly currentTree │ └── config@0.4.37
94 silly currentTree ├── mysql@2.9.0
94 silly currentTree ├── mz@1.3.0
94 silly currentTree ├── native-or-bluebird@1.2.0
94 silly currentTree ├── needle@0.11.0
94 silly currentTree ├── node_memcached@1.0.2
94 silly currentTree ├── node-fetch@1.3.3
94 silly currentTree ├── nodemailer-direct-transport@1.1.0
94 silly currentTree ├── nodemailer-smtp-transport@1.0.4
94 silly currentTree ├── nodemailer-wellknown@0.1.7
94 silly currentTree ├── nodemailer@1.10.0
94 silly currentTree ├── object-assign@4.0.1
94 silly currentTree ├── parseurl@1.3.0
94 silly currentTree ├─┬ passport-local@1.0.0
94 silly currentTree │ └── passport-strategy@1.0.0
94 silly currentTree ├── passport-strategy@1.0.0
94 silly currentTree ├── passport@0.3.2
94 silly currentTree ├── path-is-absolute@1.0.0
94 silly currentTree ├── path-to-regexp@1.2.1
94 silly currentTree ├── pause@0.0.1
94 silly currentTree ├── qs@4.0.0
94 silly currentTree ├─┬ raw-body@2.1.5
94 silly currentTree │ └── bytes@2.2.0
94 silly currentTree ├── readable-stream@1.1.13
94 silly currentTree ├── requirejs@2.1.14
94 silly currentTree ├── resolve-path@1.3.0
94 silly currentTree ├── rethinkdbdash@2.2.5
94 silly currentTree ├── smtp-connection@1.3.6
94 silly currentTree ├── statuses@1.2.1
94 silly currentTree ├── string_decoder@0.10.31
94 silly currentTree ├── thenify-all@1.6.0
94 silly currentTree ├── thenify@3.1.1
94 silly currentTree ├── thunkify@2.1.2
94 silly currentTree ├── type-is@1.6.10
94 silly currentTree ├── uid-safe@2.0.0
94 silly currentTree └── unpipe@1.0.0
95 silly idealTree medportal.ua@0.0.1
95 silly idealTree ├── addressparser@0.3.2
95 silly idealTree ├── base64-url@1.2.1
95 silly idealTree ├── bignumber.js@2.0.7
95 silly idealTree ├── bluebird@3.0.6
95 silly idealTree ├─┬ bower@1.6.8
95 silly idealTree │ ├── abbrev@1.0.7
95 silly idealTree │ ├── archy@1.0.0
95 silly idealTree │ ├─┬ bower-config@1.2.3
95 silly idealTree │ │ ├── graceful-fs@4.1.2
95 silly idealTree │ │ ├─┬ optimist@0.6.1
95 silly idealTree │ │ │ ├── minimist@0.0.10
95 silly idealTree │ │ │ └── wordwrap@0.0.3
95 silly idealTree │ │ └─┬ osenv@0.1.3
95 silly idealTree │ │   ├── os-homedir@1.0.1
95 silly idealTree │ │   └── os-tmpdir@1.0.1
95 silly idealTree │ ├── bower-endpoint-parser@0.2.2
95 silly idealTree │ ├─┬ bower-json@0.4.0
95 silly idealTree │ │ ├── deep-extend@0.2.11
95 silly idealTree │ │ ├── graceful-fs@2.0.3
95 silly idealTree │ │ └── intersect@0.0.3
95 silly idealTree │ ├── bower-logger@0.2.2
95 silly idealTree │ ├─┬ bower-registry-client@1.0.0
95 silly idealTree │ │ ├── async@0.2.10
95 silly idealTree │ │ ├── graceful-fs@4.1.2
95 silly idealTree │ │ ├── mkdirp@0.3.5
95 silly idealTree │ │ └── request-replay@0.2.0
95 silly idealTree │ ├─┬ cardinal@0.4.4
95 silly idealTree │ │ ├── ansicolors@0.2.1
95 silly idealTree │ │ └─┬ redeyed@0.4.4
95 silly idealTree │ │   └── esprima@1.0.4
95 silly idealTree │ ├─┬ chalk@1.1.1
95 silly idealTree │ │ ├── ansi-styles@2.1.0
95 silly idealTree │ │ ├── escape-string-regexp@1.0.3
95 silly idealTree │ │ ├─┬ has-ansi@2.0.0
95 silly idealTree │ │ │ └── ansi-regex@2.0.0
95 silly idealTree │ │ ├─┬ strip-ansi@3.0.0
95 silly idealTree │ │ │ └── ansi-regex@2.0.0
95 silly idealTree │ │ └── supports-color@2.0.0
95 silly idealTree │ ├── chmodr@1.0.2
95 silly idealTree │ ├─┬ configstore@0.3.2
95 silly idealTree │ │ ├─┬ js-yaml@3.4.6
95 silly idealTree │ │ │ ├─┬ argparse@1.0.3
95 silly idealTree │ │ │ │ ├── lodash@3.10.1
95 silly idealTree │ │ │ │ └── sprintf-js@1.0.3
95 silly idealTree │ │ │ ├── esprima@2.7.0
95 silly idealTree │ │ │ └── inherit@2.2.2
95 silly idealTree │ │ ├── object-assign@2.1.1
95 silly idealTree │ │ ├─┬ osenv@0.1.3
95 silly idealTree │ │ │ ├── os-homedir@1.0.1
95 silly idealTree │ │ │ └── os-tmpdir@1.0.1
95 silly idealTree │ │ ├── uuid@2.0.1
95 silly idealTree │ │ └── xdg-basedir@1.0.1
95 silly idealTree │ ├─┬ decompress-zip@0.1.0
95 silly idealTree │ │ ├─┬ binary@0.3.0
95 silly idealTree │ │ │ ├── buffers@0.1.1
95 silly idealTree │ │ │ └─┬ chainsaw@0.1.0
95 silly idealTree │ │ │   └── traverse@0.3.9
95 silly idealTree │ │ ├── mkpath@0.1.0
95 silly idealTree │ │ ├─┬ readable-stream@1.1.13
95 silly idealTree │ │ │ ├── core-util-is@1.0.2
95 silly idealTree │ │ │ ├── inherits@2.0.1
95 silly idealTree │ │ │ ├── isarray@0.0.1
95 silly idealTree │ │ │ └── string_decoder@0.10.31
95 silly idealTree │ │ └─┬ touch@0.0.3
95 silly idealTree │ │   └── nopt@1.0.10
95 silly idealTree │ ├── destroy@1.0.3
95 silly idealTree │ ├─┬ fstream-ignore@1.0.3
95 silly idealTree │ │ ├── inherits@2.0.1
95 silly idealTree │ │ └─┬ minimatch@3.0.0
95 silly idealTree │ │   └─┬ brace-expansion@1.1.1
95 silly idealTree │ │     ├── balanced-match@0.2.1
95 silly idealTree │ │     └── concat-map@0.0.1
95 silly idealTree │ ├─┬ fstream@1.0.8
95 silly idealTree │ │ ├── graceful-fs@4.1.2
95 silly idealTree │ │ └── inherits@2.0.1
95 silly idealTree │ ├─┬ github@0.2.4
95 silly idealTree │ │ └── mime@1.3.4
95 silly idealTree │ ├─┬ glob@4.5.3
95 silly idealTree │ │ ├─┬ inflight@1.0.4
95 silly idealTree │ │ │ └── wrappy@1.0.1
95 silly idealTree │ │ ├── inherits@2.0.1
95 silly idealTree │ │ ├─┬ minimatch@2.0.10
95 silly idealTree │ │ │ └─┬ brace-expansion@1.1.1
95 silly idealTree │ │ │   ├── balanced-match@0.2.1
95 silly idealTree │ │ │   └── concat-map@0.0.1
95 silly idealTree │ │ └─┬ once@1.3.3
95 silly idealTree │ │   └── wrappy@1.0.1
95 silly idealTree │ ├── graceful-fs@3.0.8
95 silly idealTree │ ├─┬ handlebars@2.0.0
95 silly idealTree │ │ ├─┬ optimist@0.3.7
95 silly idealTree │ │ │ └── wordwrap@0.0.3
95 silly idealTree │ │ └─┬ uglify-js@2.3.6
95 silly idealTree │ │   ├── async@0.2.10
95 silly idealTree │ │   └─┬ source-map@0.1.43
95 silly idealTree │ │     └── amdefine@1.0.0
95 silly idealTree │ ├─┬ inquirer@0.10.0
95 silly idealTree │ │ ├── ansi-escapes@1.1.0
95 silly idealTree │ │ ├── ansi-regex@2.0.0
95 silly idealTree │ │ ├─┬ cli-cursor@1.0.2
95 silly idealTree │ │ │ └─┬ restore-cursor@1.0.1
95 silly idealTree │ │ │   ├── exit-hook@1.1.1
95 silly idealTree │ │ │   └── onetime@1.0.0
95 silly idealTree │ │ ├── cli-width@1.1.0
95 silly idealTree │ │ ├── figures@1.4.0
95 silly idealTree │ │ ├── lodash@3.10.1
95 silly idealTree │ │ ├─┬ readline2@1.0.1
95 silly idealTree │ │ │ ├─┬ code-point-at@1.0.0
95 silly idealTree │ │ │ │ └── number-is-nan@1.0.0
95 silly idealTree │ │ │ ├─┬ is-fullwidth-code-point@1.0.0
95 silly idealTree │ │ │ │ └── number-is-nan@1.0.0
95 silly idealTree │ │ │ └── mute-stream@0.0.5
95 silly idealTree │ │ ├─┬ run-async@0.1.0
95 silly idealTree │ │ │ └─┬ once@1.3.3
95 silly idealTree │ │ │   └── wrappy@1.0.1
95 silly idealTree │ │ ├── rx-lite@3.1.2
95 silly idealTree │ │ ├── strip-ansi@3.0.0
95 silly idealTree │ │ └── through@2.3.8
95 silly idealTree │ ├─┬ insight@0.7.0
95 silly idealTree │ │ ├── async@1.5.0
95 silly idealTree │ │ ├─┬ configstore@1.3.0
95 silly idealTree │ │ │ ├── graceful-fs@4.1.2
95 silly idealTree │ │ │ ├── os-tmpdir@1.0.1
95 silly idealTree │ │ │ ├─┬ osenv@0.1.3
95 silly idealTree │ │ │ │ └── os-homedir@1.0.1
95 silly idealTree │ │ │ ├── uuid@2.0.1
95 silly idealTree │ │ │ ├─┬ write-file-atomic@1.1.3
95 silly idealTree │ │ │ │ └── slide@1.1.6
95 silly idealTree │ │ │ └─┬ xdg-basedir@2.0.0
95 silly idealTree │ │ │   └── os-homedir@1.0.1
95 silly idealTree │ │ ├─┬ lodash.debounce@3.1.1
95 silly idealTree │ │ │ └── lodash._getnative@3.9.1
95 silly idealTree │ │ ├── object-assign@4.0.1
95 silly idealTree │ │ ├─┬ os-name@1.0.3
95 silly idealTree │ │ │ ├─┬ osx-release@1.1.0
95 silly idealTree │ │ │ │ └── minimist@1.2.0
95 silly idealTree │ │ │ └─┬ win-release@1.1.1
95 silly idealTree │ │ │   └── semver@5.1.0
95 silly idealTree │ │ └── tough-cookie@2.2.1
95 silly idealTree │ ├── is-root@1.0.0
95 silly idealTree │ ├── junk@1.0.2
95 silly idealTree │ ├── lockfile@1.0.1
95 silly idealTree │ ├── lru-cache@2.7.3
95 silly idealTree │ ├─┬ md5-hex@1.1.0
95 silly idealTree │ │ └── md5-o-matic@0.1.1
95 silly idealTree │ ├─┬ mkdirp@0.5.0
95 silly idealTree │ │ └── minimist@0.0.8
95 silly idealTree │ ├── mout@0.11.1
95 silly idealTree │ ├── nopt@3.0.6
95 silly idealTree │ ├── opn@1.0.2
95 silly idealTree │ ├─┬ p-throttler@0.1.1
95 silly idealTree │ │ └── q@0.9.7
95 silly idealTree │ ├─┬ promptly@0.2.0
95 silly idealTree │ │ └─┬ read@1.0.7
95 silly idealTree │ │   └── mute-stream@0.0.5
95 silly idealTree │ ├── q@1.4.1
95 silly idealTree │ ├─┬ request-progress@0.3.1
95 silly idealTree │ │ └── throttleit@0.0.2
95 silly idealTree │ ├─┬ request@2.53.0
95 silly idealTree │ │ ├── aws-sign2@0.5.0
95 silly idealTree │ │ ├─┬ bl@0.9.4
95 silly idealTree │ │ │ └─┬ readable-stream@1.0.33
95 silly idealTree │ │ │   ├── core-util-is@1.0.2
95 silly idealTree │ │ │   ├── inherits@2.0.1
95 silly idealTree │ │ │   ├── isarray@0.0.1
95 silly idealTree │ │ │   └── string_decoder@0.10.31
95 silly idealTree │ │ ├── caseless@0.9.0
95 silly idealTree │ │ ├─┬ combined-stream@0.0.7
95 silly idealTree │ │ │ └── delayed-stream@0.0.5
95 silly idealTree │ │ ├── forever-agent@0.5.2
95 silly idealTree │ │ ├─┬ form-data@0.2.0
95 silly idealTree │ │ │ └── async@0.9.2
95 silly idealTree │ │ ├─┬ hawk@2.3.1
95 silly idealTree │ │ │ ├── boom@2.10.1
95 silly idealTree │ │ │ ├── cryptiles@2.0.5
95 silly idealTree │ │ │ ├── hoek@2.16.3
95 silly idealTree │ │ │ └── sntp@1.0.9
95 silly idealTree │ │ ├─┬ http-signature@0.10.1
95 silly idealTree │ │ │ ├── asn1@0.1.11
95 silly idealTree │ │ │ ├── assert-plus@0.1.5
95 silly idealTree │ │ │ └── ctype@0.5.3
95 silly idealTree │ │ ├── isstream@0.1.2
95 silly idealTree │ │ ├── json-stringify-safe@5.0.1
95 silly idealTree │ │ ├─┬ mime-types@2.0.14
95 silly idealTree │ │ │ └── mime-db@1.12.0
95 silly idealTree │ │ ├── node-uuid@1.4.7
95 silly idealTree │ │ ├── oauth-sign@0.6.0
95 silly idealTree │ │ ├── qs@2.3.3
95 silly idealTree │ │ ├── stringstream@0.0.5
95 silly idealTree │ │ ├── tough-cookie@2.2.1
95 silly idealTree │ │ └── tunnel-agent@0.4.1
95 silly idealTree │ ├── retry@0.6.1
95 silly idealTree │ ├─┬ rimraf@2.4.4
95 silly idealTree │ │ └─┬ glob@5.0.15
95 silly idealTree │ │   ├─┬ inflight@1.0.4
95 silly idealTree │ │   │ └── wrappy@1.0.1
95 silly idealTree │ │   ├── inherits@2.0.1
95 silly idealTree │ │   ├─┬ minimatch@3.0.0
95 silly idealTree │ │   │ └─┬ brace-expansion@1.1.1
95 silly idealTree │ │   │   ├── balanced-match@0.2.1
95 silly idealTree │ │   │   └── concat-map@0.0.1
95 silly idealTree │ │   ├─┬ once@1.3.3
95 silly idealTree │ │   │ └── wrappy@1.0.1
95 silly idealTree │ │   └── path-is-absolute@1.0.0
95 silly idealTree │ ├── semver@2.3.2
95 silly idealTree │ ├─┬ shell-quote@1.4.3
95 silly idealTree │ │ ├── array-filter@0.0.1
95 silly idealTree │ │ ├── array-map@0.0.0
95 silly idealTree │ │ ├── array-reduce@0.0.0
95 silly idealTree │ │ └── jsonify@0.0.0
95 silly idealTree │ ├── stringify-object@1.0.1
95 silly idealTree │ ├─┬ tar-fs@1.8.1
95 silly idealTree │ │ ├─┬ pump@1.0.1
95 silly idealTree │ │ │ ├── end-of-stream@1.1.0
95 silly idealTree │ │ │ └─┬ once@1.3.3
95 silly idealTree │ │ │   └── wrappy@1.0.1
95 silly idealTree │ │ └─┬ tar-stream@1.3.1
95 silly idealTree │ │   ├── bl@1.0.0
95 silly idealTree │ │   ├─┬ end-of-stream@1.1.0
95 silly idealTree │ │   │ └─┬ once@1.3.3
95 silly idealTree │ │   │   └── wrappy@1.0.1
95 silly idealTree │ │   ├─┬ readable-stream@2.0.4
95 silly idealTree │ │   │ ├── core-util-is@1.0.2
95 silly idealTree │ │   │ ├── inherits@2.0.1
95 silly idealTree │ │   │ ├── isarray@0.0.1
95 silly idealTree │ │   │ ├── process-nextick-args@1.0.3
95 silly idealTree │ │   │ ├── string_decoder@0.10.31
95 silly idealTree │ │   │ └── util-deprecate@1.0.2
95 silly idealTree │ │   └── xtend@4.0.1
95 silly idealTree │ ├── tmp@0.0.24
95 silly idealTree │ ├─┬ update-notifier@0.3.2
95 silly idealTree │ │ ├── is-npm@1.0.0
95 silly idealTree │ │ ├─┬ latest-version@1.0.1
95 silly idealTree │ │ │ └─┬ package-json@1.2.0
95 silly idealTree │ │ │   ├─┬ got@3.3.1
95 silly idealTree │ │ │   │ ├─┬ duplexify@3.4.2
95 silly idealTree │ │ │   │ │ ├─┬ end-of-stream@1.0.0
95 silly idealTree │ │ │   │ │ │ └─┬ once@1.3.3
95 silly idealTree │ │ │   │ │ │   └── wrappy@1.0.1
95 silly idealTree │ │ │   │ │ └─┬ readable-stream@2.0.4
95 silly idealTree │ │ │   │ │   ├── core-util-is@1.0.2
95 silly idealTree │ │ │   │ │   ├── inherits@2.0.1
95 silly idealTree │ │ │   │ │   ├── isarray@0.0.1
95 silly idealTree │ │ │   │ │   ├── process-nextick-args@1.0.3
95 silly idealTree │ │ │   │ │   ├── string_decoder@0.10.31
95 silly idealTree │ │ │   │ │   └── util-deprecate@1.0.2
95 silly idealTree │ │ │   │ ├── infinity-agent@2.0.3
95 silly idealTree │ │ │   │ ├── is-redirect@1.0.0
95 silly idealTree │ │ │   │ ├── is-stream@1.0.1
95 silly idealTree │ │ │   │ ├── lowercase-keys@1.0.0
95 silly idealTree │ │ │   │ ├─┬ nested-error-stacks@1.0.2
95 silly idealTree │ │ │   │ │ └── inherits@2.0.1
95 silly idealTree │ │ │   │ ├── object-assign@3.0.0
95 silly idealTree │ │ │   │ ├── prepend-http@1.0.3
95 silly idealTree │ │ │   │ ├─┬ read-all-stream@3.0.1
95 silly idealTree │ │ │   │ │ ├─┬ pinkie-promise@1.0.0
95 silly idealTree │ │ │   │ │ │ └── pinkie@1.0.0
95 silly idealTree │ │ │   │ │ └─┬ readable-stream@2.0.4
95 silly idealTree │ │ │   │ │   ├── core-util-is@1.0.2
95 silly idealTree │ │ │   │ │   ├── inherits@2.0.1
95 silly idealTree │ │ │   │ │   ├── isarray@0.0.1
95 silly idealTree │ │ │   │ │   ├── process-nextick-args@1.0.3
95 silly idealTree │ │ │   │ │   ├── string_decoder@0.10.31
95 silly idealTree │ │ │   │ │   └── util-deprecate@1.0.2
95 silly idealTree │ │ │   │ └── timed-out@2.0.0
95 silly idealTree │ │ │   └─┬ registry-url@3.0.3
95 silly idealTree │ │ │     └─┬ rc@1.1.5
95 silly idealTree │ │ │       ├── deep-extend@0.4.0
95 silly idealTree │ │ │       ├── ini@1.3.4
95 silly idealTree │ │ │       ├── minimist@1.2.0
95 silly idealTree │ │ │       └── strip-json-comments@1.0.4
95 silly idealTree │ │ ├─┬ semver-diff@2.1.0
95 silly idealTree │ │ │ └── semver@5.1.0
95 silly idealTree │ │ └─┬ string-length@1.0.1
95 silly idealTree │ │   └─┬ strip-ansi@3.0.0
95 silly idealTree │ │     └── ansi-regex@2.0.0
95 silly idealTree │ ├── user-home@1.1.1
95 silly idealTree │ └─┬ which@1.2.0
95 silly idealTree │   └─┬ is-absolute@0.1.7
95 silly idealTree │     └── is-relative@0.1.3
95 silly idealTree ├─┬ buildmail@2.0.0
95 silly idealTree │ └── needle@0.10.0
95 silly idealTree ├── bytes@1.0.0
95 silly idealTree ├── clone@1.0.2
95 silly idealTree ├── co-body@4.0.0
95 silly idealTree ├── co@4.6.0
95 silly idealTree ├── compressible@2.0.6
95 silly idealTree ├── config@1.17.1
95 silly idealTree ├─┬ cookie-parser@1.4.0
95 silly idealTree │ ├── cookie-signature@1.0.6
95 silly idealTree │ └── cookie@0.2.2
95 silly idealTree ├── copy-to@2.0.1
95 silly idealTree ├── core-util-is@1.0.2
95 silly idealTree ├── crc@3.3.0
95 silly idealTree ├── crypto-js@3.1.5
95 silly idealTree ├── datetimepicker@0.1.25
95 silly idealTree ├── debug@2.2.0
95 silly idealTree ├── encoding@0.1.12
95 silly idealTree ├── fs-write-stream-atomic@1.0.4-fix
95 silly idealTree ├── graceful-fs@4.1.2
95 silly idealTree ├── http-errors@1.3.1
95 silly idealTree ├── iconv-lite@0.4.13
95 silly idealTree ├── inherits@2.0.1
95 silly idealTree ├── isarray@0.0.1
95 silly idealTree ├── isemail@1.2.0
95 silly idealTree ├─┬ koa-bodyparser@2.0.0
95 silly idealTree │ ├── co-body@2.0.0
95 silly idealTree │ ├── iconv-lite@0.4.8
95 silly idealTree │ ├── qs@2.4.2
95 silly idealTree │ └── raw-body@1.3.4
95 silly idealTree ├── koa-compose@3.0.0
95 silly idealTree ├── koa-compress@1.0.8
95 silly idealTree ├── koa-convert@1.2.0
95 silly idealTree ├─┬ koa-ejs@3.0.0
95 silly idealTree │ ├─┬ co-fs@1.2.0
95 silly idealTree │ │ ├─┬ co-from-stream@0.0.0
95 silly idealTree │ │ │ └── co-read@0.0.1
95 silly idealTree │ │ └── thunkify@0.0.1
95 silly idealTree │ ├── copy-to@2.0.1
95 silly idealTree │ └── ejs@2.3.4
95 silly idealTree ├── koa-favicon@1.2.0
95 silly idealTree ├─┬ koa-generic-session-rethinkdb@1.1.1
95 silly idealTree │ ├── debug@2.1.3
95 silly idealTree │ └── ms@0.7.0
95 silly idealTree ├── koa-generic-session@1.10.0
95 silly idealTree ├── koa-is-json@1.0.0
95 silly idealTree ├─┬ koa-memcached@0.1.2
95 silly idealTree │ ├── debug@1.0.4
95 silly idealTree │ └── ms@0.6.2
95 silly idealTree ├── koa-passport@1.2.0
95 silly idealTree ├── koa-router@5.3.0
95 silly idealTree ├─┬ koa-send@2.0.2
95 silly idealTree │ └── mz@2.1.0
95 silly idealTree ├── koa-static@1.5.2
95 silly idealTree ├─┬ koa@1.1.2
95 silly idealTree │ ├─┬ accepts@1.3.0
95 silly idealTree │ │ └── negotiator@0.6.0
95 silly idealTree │ ├── co@4.6.0
95 silly idealTree │ ├─┬ composition@2.2.1
95 silly idealTree │ │ └── native-or-bluebird@1.2.0
95 silly idealTree │ ├── content-disposition@0.5.0
95 silly idealTree │ ├── content-type@1.0.1
95 silly idealTree │ ├─┬ cookies@0.5.1
95 silly idealTree │ │ └── keygrip@1.0.1
95 silly idealTree │ ├─┬ debug@2.2.0
95 silly idealTree │ │ └── ms@0.7.1
95 silly idealTree │ ├── delegates@0.1.0
95 silly idealTree │ ├── destroy@1.0.3
95 silly idealTree │ ├── error-inject@1.0.0
95 silly idealTree │ ├── escape-html@1.0.3
95 silly idealTree │ ├── fresh@0.3.0
95 silly idealTree │ ├─┬ http-assert@1.1.1
95 silly idealTree │ │ └── deep-equal@1.0.1
95 silly idealTree │ ├─┬ http-errors@1.3.1
95 silly idealTree │ │ └── inherits@2.0.1
95 silly idealTree │ ├── koa-compose@2.3.0
95 silly idealTree │ ├── koa-is-json@1.0.0
95 silly idealTree │ ├─┬ mime-types@2.1.7
95 silly idealTree │ │ └── mime-db@1.19.0
95 silly idealTree │ ├─┬ on-finished@2.3.0
95 silly idealTree │ │ └── ee-first@1.1.1
95 silly idealTree │ ├── only@0.0.2
95 silly idealTree │ ├── parseurl@1.3.0
95 silly idealTree │ ├── statuses@1.2.1
95 silly idealTree │ ├─┬ type-is@1.6.9
95 silly idealTree │ │ └── media-typer@0.3.0
95 silly idealTree │ └── vary@1.1.0
95 silly idealTree ├── libbase64@0.1.0
95 silly idealTree ├── libmime@1.2.0
95 silly idealTree ├── libqp@1.1.0
95 silly idealTree ├── lodash@3.6.0
95 silly idealTree ├── mailcomposer@2.1.0
95 silly idealTree ├── media-typer@0.3.0
95 silly idealTree ├── merge@1.2.0
95 silly idealTree ├── methods@1.1.1
95 silly idealTree ├── mime-db@1.20.0
95 silly idealTree ├── mime-types@2.1.8
95 silly idealTree ├── ms@0.7.1
95 silly idealTree ├─┬ mysql-query-promise@1.0.0
95 silly idealTree │ └── q@1.4.1
95 silly idealTree ├─┬ mysql-query@0.1.1
95 silly idealTree │ └── config@0.4.37
95 silly idealTree ├── mysql@2.9.0
95 silly idealTree ├── mz@1.3.0
95 silly idealTree ├── nan@2.1.0
95 silly idealTree ├── native-or-bluebird@1.2.0
95 silly idealTree ├── needle@0.11.0
95 silly idealTree ├── node_memcached@1.0.2
95 silly idealTree ├── node-fetch@1.3.3
95 silly idealTree ├── nodemailer-direct-transport@1.1.0
95 silly idealTree ├── nodemailer-smtp-transport@1.0.4
95 silly idealTree ├── nodemailer-wellknown@0.1.7
95 silly idealTree ├── nodemailer@1.10.0
95 silly idealTree ├── object-assign@4.0.1
95 silly idealTree ├── oracledb@1.6.0
95 silly idealTree ├── parseurl@1.3.0
95 silly idealTree ├─┬ passport-local@1.0.0
95 silly idealTree │ └── passport-strategy@1.0.0
95 silly idealTree ├── passport-strategy@1.0.0
95 silly idealTree ├── passport@0.3.2
95 silly idealTree ├── path-is-absolute@1.0.0
95 silly idealTree ├── path-to-regexp@1.2.1
95 silly idealTree ├── pause@0.0.1
95 silly idealTree ├── qs@4.0.0
95 silly idealTree ├─┬ raw-body@2.1.5
95 silly idealTree │ └── bytes@2.2.0
95 silly idealTree ├── readable-stream@1.1.13
95 silly idealTree ├── requirejs@2.1.14
95 silly idealTree ├── resolve-path@1.3.0
95 silly idealTree ├── rethinkdbdash@2.2.5
95 silly idealTree ├── smtp-connection@1.3.6
95 silly idealTree ├── statuses@1.2.1
95 silly idealTree ├── string_decoder@0.10.31
95 silly idealTree ├── thenify-all@1.6.0
95 silly idealTree ├── thenify@3.1.1
95 silly idealTree ├── thunkify@2.1.2
95 silly idealTree ├── type-is@1.6.10
95 silly idealTree ├── uid-safe@2.0.0
95 silly idealTree └── unpipe@1.0.0
96 silly generateActionsToTake Starting
97 silly install generateActionsToTake
98 silly generateActionsToTake Finishing
99 silly diffTrees action count 2
100 silly diffTrees add nan@2.1.0
101 silly diffTrees add oracledb@1.6.0
102 silly decomposeActions action count 16
103 silly decomposeActions fetch nan@2.1.0
104 silly decomposeActions extract nan@2.1.0
105 silly decomposeActions preinstall nan@2.1.0
106 silly decomposeActions build nan@2.1.0
107 silly decomposeActions install nan@2.1.0
108 silly decomposeActions postinstall nan@2.1.0
109 silly decomposeActions test nan@2.1.0
110 silly decomposeActions finalize nan@2.1.0
111 silly decomposeActions fetch oracledb@1.6.0
112 silly decomposeActions extract oracledb@1.6.0
113 silly decomposeActions preinstall oracledb@1.6.0
114 silly decomposeActions build oracledb@1.6.0
115 silly decomposeActions install oracledb@1.6.0
116 silly decomposeActions postinstall oracledb@1.6.0
117 silly decomposeActions test oracledb@1.6.0
118 silly decomposeActions finalize oracledb@1.6.0
119 silly executeActions Starting
120 silly install executeActions
121 silly doSerial global-install 0
122 silly doParallel fetch 2
123 verbose lock using /root/.npm/_locks/staging-fe4d96458e8e3447.lock for /var/www/html/medportal.ua/node_modules/.staging
124 silly doParallel extract 2
125 silly extract nan
126 silly extract oracledb
127 verbose unbuild node_modules/.staging/nan-0295c3070d869b203a93a8f744a64fbd
128 verbose unbuild node_modules/.staging/oracledb-5c88d7405084774b4346648b6c329935
129 silly gentlyRm /var/www/html/medportal.ua/node_modules/.staging/nan-0295c3070d869b203a93a8f744a64fbd is being purged from base /var/www/html/medportal.ua
130 silly gentlyRm /var/www/html/medportal.ua/node_modules/.staging/oracledb-5c88d7405084774b4346648b6c329935 is being purged from base /var/www/html/medportal.ua
131 verbose gentlyRm don't care about contents; nuking /var/www/html/medportal.ua/node_modules/.staging/nan-0295c3070d869b203a93a8f744a64fbd
132 verbose gentlyRm don't care about contents; nuking /var/www/html/medportal.ua/node_modules/.staging/oracledb-5c88d7405084774b4346648b6c329935
133 verbose tar unpack /root/.npm/nan/2.1.0/package.tgz
134 verbose tar unpacking to /var/www/html/medportal.ua/node_modules/.staging/nan-0295c3070d869b203a93a8f744a64fbd
135 silly gentlyRm /var/www/html/medportal.ua/node_modules/.staging/nan-0295c3070d869b203a93a8f744a64fbd is being purged
136 verbose tar unpack /root/.npm/oracledb/1.6.0/package.tgz
137 verbose tar unpacking to /var/www/html/medportal.ua/node_modules/.staging/oracledb-5c88d7405084774b4346648b6c329935
138 silly gentlyRm /var/www/html/medportal.ua/node_modules/.staging/oracledb-5c88d7405084774b4346648b6c329935 is being purged
139 verbose gentlyRm don't care about contents; nuking /var/www/html/medportal.ua/node_modules/.staging/nan-0295c3070d869b203a93a8f744a64fbd
140 verbose gentlyRm don't care about contents; nuking /var/www/html/medportal.ua/node_modules/.staging/oracledb-5c88d7405084774b4346648b6c329935
141 silly gunzTarPerm modes [ '755', '644' ]
142 silly gunzTarPerm modes [ '755', '644' ]
143 silly gunzTarPerm extractEntry package.json
144 silly gunzTarPerm extractEntry package.json
145 silly gunzTarPerm extractEntry README.md
146 silly gunzTarPerm extractEntry README.md
147 silly gunzTarPerm extractEntry index.js
148 silly gunzTarPerm extractEntry include_dirs.js
149 silly gunzTarPerm extractEntry nan_converters_pre_43_inl.h
150 silly gunzTarPerm extractEntry appveyor.yml
151 silly gunzTarPerm extractEntry doc/new.md
152 silly gunzTarPerm extractEntry CHANGELOG.md
153 silly gunzTarPerm extractEntry LICENSE.md
154 silly gunzTarPerm extractEntry doc/.build.sh
155 silly gunzTarPerm extractEntry binding.gyp
156 silly gunzTarPerm extractEntry lib/oracledb.js
157 silly gunzTarPerm extractEntry doc/buffers.md
158 silly gunzTarPerm extractEntry doc/callback.md
159 silly gunzTarPerm extractEntry src/dpi/include/dpi.h
160 silly gunzTarPerm extractEntry src/dpi/include/dpiCommon.h
161 silly gunzTarPerm extractEntry doc/converters.md
162 silly gunzTarPerm extractEntry doc/errors.md
163 silly gunzTarPerm extractEntry src/dpi/include/dpiConn.h
164 silly gunzTarPerm extractEntry src/dpi/include/dpiDateTimeArray.h
165 silly gunzTarPerm extractEntry src/dpi/include/dpiEnv.h
166 silly gunzTarPerm extractEntry doc/maybe_types.md
167 silly gunzTarPerm extractEntry doc/methods.md
168 silly gunzTarPerm extractEntry src/dpi/include/dpiException.h
169 silly gunzTarPerm extractEntry src/dpi/include/dpiLob.h
170 silly gunzTarPerm extractEntry doc/asyncworker.md
171 silly gunzTarPerm extractEntry doc/node_misc.md
172 silly gunzTarPerm extractEntry src/dpi/include/dpiPool.h
173 silly gunzTarPerm extractEntry src/dpi/include/dpiStmt.h
174 silly gunzTarPerm extractEntry doc/persistent.md
175 silly gunzTarPerm extractEntry doc/scopes.md
176 silly gunzTarPerm extractEntry src/dpi/src/dpiExceptionImpl.cpp
177 silly gunzTarPerm extractEntry src/dpi/src/dpiCommon.cpp
178 silly gunzTarPerm extractEntry src/dpi/src/dpiConnImpl.h
179 silly gunzTarPerm extractEntry src/dpi/src/dpiDateTimeArrayImpl.cpp
180 silly gunzTarPerm extractEntry src/dpi/src/dpiDateTimeArrayImpl.h
181 silly gunzTarPerm extractEntry src/dpi/src/dpiEnv.cpp
182 silly gunzTarPerm extractEntry src/dpi/src/dpiEnvImpl.cpp
183 silly gunzTarPerm extractEntry src/dpi/src/dpiEnvImpl.h
184 silly gunzTarPerm extractEntry src/dpi/src/dpiException.cpp
185 silly gunzTarPerm extractEntry src/dpi/src/dpiConnImpl.cpp
186 silly gunzTarPerm extractEntry src/dpi/src/dpiExceptionImpl.h
187 silly gunzTarPerm extractEntry src/dpi/src/dpiLob.cpp
188 silly gunzTarPerm extractEntry src/dpi/src/dpiPoolImpl.cpp
189 silly gunzTarPerm extractEntry src/dpi/src/dpiPoolImpl.h
190 silly gunzTarPerm extractEntry src/dpi/src/dpiStmtImpl.cpp
191 silly gunzTarPerm extractEntry src/dpi/src/dpiStmtImpl.h
192 silly gunzTarPerm extractEntry src/dpi/src/dpiUtils.cpp
193 silly gunzTarPerm extractEntry src/dpi/src/dpiUtils.h
194 silly gunzTarPerm extractEntry doc/script.md
195 silly gunzTarPerm extractEntry doc/string_bytes.md
196 silly gunzTarPerm extractEntry src/njs/src/njsOracle.cpp
197 silly gunzTarPerm extractEntry src/njs/src/njsConnection.cpp
198 silly gunzTarPerm extractEntry doc/v8_internals.md
199 silly gunzTarPerm extractEntry doc/v8_misc.md
200 silly gunzTarPerm extractEntry src/njs/src/njsIntLob.cpp
201 silly gunzTarPerm extractEntry LICENSE.md
202 silly gunzTarPerm extractEntry nan.h
203 silly gunzTarPerm extractEntry nan_callbacks.h
204 silly gunzTarPerm extractEntry src/njs/src/njsIntLob.h
205 silly gunzTarPerm extractEntry nan_callbacks_12_inl.h
206 silly gunzTarPerm extractEntry nan_callbacks_pre_12_inl.h
207 silly gunzTarPerm extractEntry nan_converters.h
208 silly gunzTarPerm extractEntry src/njs/src/njsMessages.cpp
209 silly gunzTarPerm extractEntry src/njs/src/njsMessages.h
210 silly gunzTarPerm extractEntry nan_converters_43_inl.h
211 silly gunzTarPerm extractEntry src/njs/src/njsConnection.h
212 silly gunzTarPerm extractEntry src/njs/src/njsOracle.h
213 silly gunzTarPerm extractEntry CHANGELOG.md
214 silly gunzTarPerm extractEntry nan_implementation_12_inl.h
215 silly gunzTarPerm extractEntry nan_implementation_pre_12_inl.h
216 silly gunzTarPerm extractEntry nan_maybe_43_inl.h
217 silly gunzTarPerm extractEntry src/njs/src/njsPool.cpp
218 silly gunzTarPerm extractEntry src/njs/src/njsPool.h
219 silly gunzTarPerm extractEntry nan_maybe_pre_43_inl.h
220 silly gunzTarPerm extractEntry nan_new.h
221 silly gunzTarPerm extractEntry src/njs/src/njsResultSet.cpp
222 silly gunzTarPerm extractEntry src/njs/src/njsResultSet.h
223 silly gunzTarPerm extractEntry nan_object_wrap.h
224 silly gunzTarPerm extractEntry nan_persistent_12_inl.h
225 silly gunzTarPerm extractEntry src/njs/src/njsUtils.h
226 silly gunzTarPerm extractEntry test/README.md
227 silly gunzTarPerm extractEntry nan_persistent_pre_12_inl.h
228 silly gunzTarPerm extractEntry nan_string_bytes.h
229 silly gunzTarPerm extractEntry test/dataTypeNumber2.js
230 silly gunzTarPerm extractEntry test/dataTypeNvarchar2.js
231 silly gunzTarPerm extractEntry nan_typedarray_contents.h
232 silly gunzTarPerm extractEntry nan_weak.h
233 silly gunzTarPerm extractEntry test/dataTypeRaw.js
234 silly gunzTarPerm extractEntry test/dataTypeNumber.js
235 silly gunzTarPerm extractEntry .dntrc
236 silly gunzTarPerm extractEntry tools/package.json
237 silly gunzTarPerm extractEntry test/dataTypeTimestamp1.js
238 silly gunzTarPerm extractEntry test/accessTerminatedPoolAttributes.js
239 silly gunzTarPerm extractEntry tools/README.md
240 silly gunzTarPerm extractEntry tools/1to2.js
241 silly gunzTarPerm extractEntry test/dataTypeTimestamp3.js
242 silly gunzTarPerm extractEntry test/dataTypeTimestamp4.js
243 silly gunzTarPerm extractEntry test/dataTypeTimestamp5.js
244 silly gunzTarPerm extractEntry test/dataTypeNchar.js
245 silly gunzTarPerm extractEntry test/dataTypeTimestamp6.js
246 silly gunzTarPerm extractEntry test/dataTypeFloat2.js
247 silly gunzTarPerm extractEntry test/dataTypeVarchar2.js
248 silly gunzTarPerm extractEntry test/dataTypeFloat.js
249 silly gunzTarPerm extractEntry test/dbConfig.js
250 silly gunzTarPerm extractEntry test/dataTypeDate.js
251 silly gunzTarPerm extractEntry test/dmlReturning.js
252 silly gunzTarPerm extractEntry test/dataTypeClob.js
253 silly gunzTarPerm extractEntry test/examples.js
254 silly gunzTarPerm extractEntry test/dataTypeChar.js
255 silly gunzTarPerm extractEntry test/externalAuthentication.js
256 silly gunzTarPerm extractEntry test/dataTypeBlob.js
257 silly gunzTarPerm extractEntry test/fetchAs.js
258 silly gunzTarPerm extractEntry test/dataTypeBinaryFloat.js
259 silly gunzTarPerm extractEntry test/resultSet1.js
260 silly gunzTarPerm extractEntry test/dataTypeBinaryDouble.js
261 silly gunzTarPerm extractEntry test/getConnAfterPoolTerminate.js
262 silly gunzTarPerm extractEntry test/dataTypeAssist.js
263 silly gunzTarPerm extractEntry test/releaseAfterFailingTerminate.js
264 silly gunzTarPerm extractEntry test/connection.js
265 silly gunzTarPerm extractEntry test/lobProperties.js
266 silly gunzTarPerm extractEntry test/columnMetadata.js
267 silly gunzTarPerm extractEntry test/lobResultSet.js
268 silly gunzTarPerm extractEntry test/resultSet2.js
269 silly gunzTarPerm extractEntry test/nestedCursor.js
270 silly gunzTarPerm extractEntry test/clobPlsqlString.js
271 silly gunzTarPerm extractEntry test/nullColumnValues.js
272 silly gunzTarPerm extractEntry test/checkClassesTypes.js
273 silly gunzTarPerm extractEntry test/plsqlBinding.js
274 silly gunzTarPerm extractEntry test/binding.js
275 silly gunzTarPerm extractEntry test/pool.js
276 silly gunzTarPerm extractEntry test/autoCommitForSelect.js
277 silly gunzTarPerm extractEntry test/poolTimeout.js
278 silly gunzTarPerm extractEntry test/autoCommit4nestedExecutes.js
279 silly gunzTarPerm extractEntry test/poolValidityAfterFailingTerminate.js
280 silly gunzTarPerm extractEntry test/autoCommit.js
281 silly gunzTarPerm extractEntry test/properties.js
282 silly gunzTarPerm extractEntry test/dataTypeRowid.js
283 silly gunzTarPerm extractEntry test/sqlWithWarnings.js
284 silly gunzTarPerm extractEntry test/dataTypeTimestamp2.js
285 silly gunzTarPerm extractEntry test/list.txt
286 silly gunzTarPerm extractEntry test/fuzzydinosaur.jpg
287 silly gunzTarPerm extractEntry test/clobexample.txt
288 silly doParallel preinstall 2
289 silly preinstall nan /var/www/html/medportal.ua/node_modules/.staging/nan-0295c3070d869b203a93a8f744a64fbd
290 info lifecycle nan@2.1.0~preinstall: nan@2.1.0
291 silly preinstall oracledb /var/www/html/medportal.ua/node_modules/.staging/oracledb-5c88d7405084774b4346648b6c329935
292 info lifecycle oracledb@1.6.0~preinstall: oracledb@1.6.0
293 silly lifecycle nan@2.1.0~preinstall: no script for preinstall, continuing
294 silly lifecycle oracledb@1.6.0~preinstall: no script for preinstall, continuing
295 silly doReverseSerial remove 0
296 silly doSerial move 0
297 silly doSerial finalize 2
298 silly finalize /var/www/html/medportal.ua/node_modules/nan
299 silly finalize /var/www/html/medportal.ua/node_modules/oracledb
300 silly doSerial build 2
301 silly build nan
302 info linkStuff nan@2.1.0
303 silly linkStuff nan@2.1.0 has /var/www/html/medportal.ua/node_modules as its parent node_modules
304 verbose linkBins nan@2.1.0
305 verbose linkMans nan@2.1.0
306 verbose rebuildBundles nan@2.1.0
307 silly build oracledb
308 info linkStuff oracledb@1.6.0
309 silly linkStuff oracledb@1.6.0 has /var/www/html/medportal.ua/node_modules as its parent node_modules
310 verbose linkBins oracledb@1.6.0
311 verbose linkMans oracledb@1.6.0
312 verbose rebuildBundles oracledb@1.6.0
313 silly doSerial global-link 0
314 silly doParallel update-linked 0
315 silly doSerial install 2
316 silly install nan /var/www/html/medportal.ua/node_modules/.staging/nan-0295c3070d869b203a93a8f744a64fbd
317 info lifecycle nan@2.1.0~install: nan@2.1.0
318 silly lifecycle nan@2.1.0~install: no script for install, continuing
319 silly install oracledb /var/www/html/medportal.ua/node_modules/.staging/oracledb-5c88d7405084774b4346648b6c329935
320 info lifecycle oracledb@1.6.0~install: oracledb@1.6.0
321 verbose lifecycle oracledb@1.6.0~install: unsafe-perm in lifecycle false
322 verbose lifecycle oracledb@1.6.0~install: PATH: /root/.nvm/versions/node/v5.0.0/lib/node_modules/npm/bin/node-gyp-bin:/var/www/html/medportal.ua/node_modules/oracledb/node_modules/.bin:/var/www/html/medportal.ua/node_modules/.bin:/root/.nvm/versions/node/v5.0.0/bin:/usr/lib64/qt-3.3/bin:/usr/local/bin:/usr/local/sbin:/usr/bin:/usr/sbin:/bin:/sbin:/home/Borya/.local/bin:/home/Borya/bin:/root/bin
323 verbose lifecycle oracledb@1.6.0~install: CWD: /var/www/html/medportal.ua/node_modules/oracledb
324 silly lifecycle oracledb@1.6.0~install: Args: [ '-c', 'node-gyp rebuild' ]
325 silly lifecycle oracledb@1.6.0~install: Returned: code: 1  signal: null
326 info lifecycle oracledb@1.6.0~install: Failed to exec install script
327 verbose unlock done using /root/.npm/_locks/staging-fe4d96458e8e3447.lock for /var/www/html/medportal.ua/node_modules/.staging
328 silly rollbackFailedOptional Starting
329 silly rollbackFailedOptional Finishing
330 silly runTopLevelLifecycles Starting
331 silly runTopLevelLifecycles Finishing
332 silly install printInstalled
333 warn EPEERINVALID datetimepicker@0.1.25 requires a peer of jquery@>=1.0.0 but none was installed.
334 warn EPACKAGEJSON medportal.ua@0.0.1 No description
335 verbose stack Error: oracledb@1.6.0 install: `node-gyp rebuild`
335 verbose stack Exit status 1
335 verbose stack     at EventEmitter.<anonymous> (/root/.nvm/versions/node/v5.0.0/lib/node_modules/npm/lib/utils/lifecycle.js:233:16)
335 verbose stack     at emitTwo (events.js:87:13)
335 verbose stack     at EventEmitter.emit (events.js:172:7)
335 verbose stack     at ChildProcess.<anonymous> (/root/.nvm/versions/node/v5.0.0/lib/node_modules/npm/lib/utils/spawn.js:24:14)
335 verbose stack     at emitTwo (events.js:87:13)
335 verbose stack     at ChildProcess.emit (events.js:172:7)
335 verbose stack     at maybeClose (internal/child_process.js:818:16)
335 verbose stack     at Process.ChildProcess._handle.onexit (internal/child_process.js:211:5)
336 verbose pkgid oracledb@1.6.0
337 verbose cwd /var/www/html/medportal.ua
338 error Linux 4.0.4-301.fc22.x86_64+debug
339 error argv "/root/.nvm/versions/node/v5.0.0/bin/node" "/root/.nvm/versions/node/v5.0.0/bin/npm" "install" "oracledb"
340 error node v5.0.0
341 error npm  v3.3.6
342 error code ELIFECYCLE
343 error oracledb@1.6.0 install: `node-gyp rebuild`
343 error Exit status 1
344 error Failed at the oracledb@1.6.0 install script 'node-gyp rebuild'.
344 error This is most likely a problem with the oracledb package,
344 error not with npm itself.
344 error Tell the author that this fails on your system:
344 error     node-gyp rebuild
344 error You can get their info via:
344 error     npm owner ls oracledb
344 error There is likely additional logging output above.
345 verbose exit [ 1, true ]
